{"/home/travis/build/npmtest/node-npmtest-sane/test.js":{"path":"/home/travis/build/npmtest/node-npmtest-sane/test.js","s":{"1":2,"2":2,"3":2,"4":2,"5":2,"6":2,"7":2,"8":1,"9":2,"10":2,"11":1,"12":1,"13":1,"14":1,"15":2,"16":2,"17":2,"18":2,"19":1,"20":1,"21":2,"22":2,"23":2,"24":1,"25":1,"26":1,"27":1,"28":1,"29":1,"30":1,"31":1,"32":1,"33":1,"34":1,"35":1,"36":1,"37":2,"38":2,"39":1,"40":2,"41":2,"42":1,"43":2,"44":2,"45":1,"46":2,"47":2,"48":1,"49":1,"50":1,"51":1,"52":1},"b":{"1":[2,1,1,1],"2":[1,1,1,1],"3":[1,1],"4":[1,1],"5":[1,1],"6":[1,1],"7":[1,1],"8":[1,1],"9":[1,1,1],"10":[1,1],"11":[1,1],"12":[1,1],"13":[1,1],"14":[1,1],"15":[1,1],"16":[1,1]},"f":{"1":2,"2":2,"3":2,"4":2,"5":2,"6":1,"7":1,"8":2,"9":2,"10":2,"11":2,"12":1},"fnMap":{"1":{"name":"(anonymous_1)","line":12,"loc":{"start":{"line":12,"column":1},"end":{"line":12,"column":13}}},"2":{"name":"(anonymous_2)","line":19,"loc":{"start":{"line":19,"column":5},"end":{"line":19,"column":17}}},"3":{"name":"(anonymous_3)","line":23,"loc":{"start":{"line":23,"column":24},"end":{"line":23,"column":36}}},"4":{"name":"(anonymous_4)","line":61,"loc":{"start":{"line":61,"column":5},"end":{"line":61,"column":17}}},"5":{"name":"(anonymous_5)","line":82,"loc":{"start":{"line":82,"column":5},"end":{"line":82,"column":17}}},"6":{"name":"(anonymous_6)","line":102,"loc":{"start":{"line":102,"column":83},"end":{"line":105,"column":10}},"skip":true},"7":{"name":"(anonymous_7)","line":113,"loc":{"start":{"line":113,"column":77},"end":{"line":116,"column":10}},"skip":true},"8":{"name":"(anonymous_8)","line":129,"loc":{"start":{"line":129,"column":12},"end":{"line":129,"column":40}},"skip":true},"9":{"name":"(anonymous_9)","line":137,"loc":{"start":{"line":137,"column":77},"end":{"line":140,"column":10}},"skip":true},"10":{"name":"(anonymous_10)","line":148,"loc":{"start":{"line":148,"column":83},"end":{"line":151,"column":10}},"skip":true},"11":{"name":"(anonymous_11)","line":159,"loc":{"start":{"line":159,"column":79},"end":{"line":162,"column":10}},"skip":true},"12":{"name":"(anonymous_12)","line":170,"loc":{"start":{"line":170,"column":75},"end":{"line":173,"column":10}},"skip":true}},"statementMap":{"1":{"start":{"line":12,"column":0},"end":{"line":185,"column":5}},"2":{"start":{"line":14,"column":4},"end":{"line":14,"column":14}},"3":{"start":{"line":19,"column":4},"end":{"line":56,"column":9}},"4":{"start":{"line":21,"column":8},"end":{"line":21,"column":19}},"5":{"start":{"line":23,"column":8},"end":{"line":35,"column":13}},"6":{"start":{"line":24,"column":12},"end":{"line":34,"column":13}},"7":{"start":{"line":25,"column":16},"end":{"line":28,"column":30}},"8":{"start":{"line":30,"column":16},"end":{"line":33,"column":27}},"9":{"start":{"line":37,"column":8},"end":{"line":39,"column":21}},"10":{"start":{"line":40,"column":8},"end":{"line":53,"column":9}},"11":{"start":{"line":43,"column":12},"end":{"line":46,"column":14}},"12":{"start":{"line":47,"column":12},"end":{"line":47,"column":18}},"13":{"start":{"line":50,"column":12},"end":{"line":51,"column":46}},"14":{"start":{"line":52,"column":12},"end":{"line":52,"column":18}},"15":{"start":{"line":55,"column":8},"end":{"line":55,"column":35}},"16":{"start":{"line":61,"column":4},"end":{"line":63,"column":9}},"17":{"start":{"line":62,"column":8},"end":{"line":62,"column":15}},"18":{"start":{"line":64,"column":4},"end":{"line":77,"column":5}},"19":{"start":{"line":70,"column":8},"end":{"line":70,"column":14}},"20":{"start":{"line":76,"column":8},"end":{"line":76,"column":14}},"21":{"start":{"line":82,"column":4},"end":{"line":84,"column":9}},"22":{"start":{"line":83,"column":8},"end":{"line":83,"column":15}},"23":{"start":{"line":85,"column":4},"end":{"line":184,"column":5}},"24":{"start":{"line":92,"column":8},"end":{"line":94,"column":63}},"25":{"start":{"line":95,"column":8},"end":{"line":95,"column":14}},"26":{"start":{"line":102,"column":8},"end":{"line":111,"column":10},"skip":true},"27":{"start":{"line":109,"column":12},"end":{"line":109,"column":55},"skip":true},"28":{"start":{"line":110,"column":12},"end":{"line":110,"column":48},"skip":true},"29":{"start":{"line":113,"column":8},"end":{"line":126,"column":10},"skip":true},"30":{"start":{"line":120,"column":12},"end":{"line":120,"column":76},"skip":true},"31":{"start":{"line":121,"column":12},"end":{"line":121,"column":73},"skip":true},"32":{"start":{"line":122,"column":12},"end":{"line":122,"column":74},"skip":true},"33":{"start":{"line":123,"column":12},"end":{"line":123,"column":79},"skip":true},"34":{"start":{"line":124,"column":12},"end":{"line":124,"column":25},"skip":true},"35":{"start":{"line":125,"column":12},"end":{"line":125,"column":45},"skip":true},"36":{"start":{"line":128,"column":8},"end":{"line":135,"column":14},"skip":true},"37":{"start":{"line":133,"column":16},"end":{"line":133,"column":29},"skip":true},"38":{"start":{"line":134,"column":16},"end":{"line":134,"column":55},"skip":true},"39":{"start":{"line":137,"column":8},"end":{"line":146,"column":10},"skip":true},"40":{"start":{"line":144,"column":12},"end":{"line":144,"column":25},"skip":true},"41":{"start":{"line":145,"column":12},"end":{"line":145,"column":45},"skip":true},"42":{"start":{"line":148,"column":8},"end":{"line":157,"column":10},"skip":true},"43":{"start":{"line":155,"column":12},"end":{"line":155,"column":25},"skip":true},"44":{"start":{"line":156,"column":12},"end":{"line":156,"column":48},"skip":true},"45":{"start":{"line":159,"column":8},"end":{"line":168,"column":10},"skip":true},"46":{"start":{"line":166,"column":12},"end":{"line":166,"column":25},"skip":true},"47":{"start":{"line":167,"column":12},"end":{"line":167,"column":46},"skip":true},"48":{"start":{"line":170,"column":8},"end":{"line":179,"column":10},"skip":true},"49":{"start":{"line":177,"column":12},"end":{"line":177,"column":94},"skip":true},"50":{"start":{"line":178,"column":12},"end":{"line":178,"column":48},"skip":true},"51":{"start":{"line":182,"column":8},"end":{"line":182,"column":35},"skip":true},"52":{"start":{"line":183,"column":8},"end":{"line":183,"column":14},"skip":true}},"branchMap":{"1":{"line":25,"type":"binary-expr","locations":[{"start":{"line":25,"column":23},"end":{"line":25,"column":62}},{"start":{"line":26,"column":20},"end":{"line":26,"column":70}},{"start":{"line":27,"column":20},"end":{"line":27,"column":71}},{"start":{"line":28,"column":20},"end":{"line":28,"column":29}}]},"2":{"line":30,"type":"binary-expr","locations":[{"start":{"line":30,"column":23},"end":{"line":30,"column":37}},{"start":{"line":31,"column":20},"end":{"line":31,"column":61}},{"start":{"line":32,"column":20},"end":{"line":32,"column":70}},{"start":{"line":33,"column":20},"end":{"line":33,"column":26}}]},"3":{"line":37,"type":"cond-expr","locations":[{"start":{"line":38,"column":14},"end":{"line":38,"column":20}},{"start":{"line":39,"column":14},"end":{"line":39,"column":20}}]},"4":{"line":40,"type":"switch","locations":[{"start":{"line":42,"column":8},"end":{"line":47,"column":18}},{"start":{"line":49,"column":8},"end":{"line":52,"column":18}}]},"5":{"line":44,"type":"binary-expr","locations":[{"start":{"line":44,"column":16},"end":{"line":44,"column":44}},{"start":{"line":44,"column":48},"end":{"line":44,"column":66}}]},"6":{"line":50,"type":"binary-expr","locations":[{"start":{"line":50,"column":21},"end":{"line":50,"column":49}},{"start":{"line":50,"column":53},"end":{"line":50,"column":72}}]},"7":{"line":64,"type":"switch","locations":[{"start":{"line":69,"column":4},"end":{"line":70,"column":14}},{"start":{"line":75,"column":4},"end":{"line":76,"column":14}}]},"8":{"line":85,"type":"switch","locations":[{"start":{"line":90,"column":4},"end":{"line":95,"column":14}},{"start":{"line":101,"column":4},"end":{"line":183,"column":14},"skip":true}]},"9":{"line":92,"type":"binary-expr","locations":[{"start":{"line":92,"column":18},"end":{"line":92,"column":32}},{"start":{"line":93,"column":12},"end":{"line":93,"column":53}},{"start":{"line":94,"column":12},"end":{"line":94,"column":61}}]},"10":{"line":102,"type":"binary-expr","locations":[{"start":{"line":102,"column":45},"end":{"line":102,"column":79},"skip":true},{"start":{"line":102,"column":83},"end":{"line":111,"column":9},"skip":true}]},"11":{"line":113,"type":"binary-expr","locations":[{"start":{"line":113,"column":42},"end":{"line":113,"column":73},"skip":true},{"start":{"line":113,"column":77},"end":{"line":126,"column":9},"skip":true}]},"12":{"line":128,"type":"binary-expr","locations":[{"start":{"line":128,"column":48},"end":{"line":128,"column":85},"skip":true},{"start":{"line":129,"column":12},"end":{"line":135,"column":13},"skip":true}]},"13":{"line":137,"type":"binary-expr","locations":[{"start":{"line":137,"column":42},"end":{"line":137,"column":73},"skip":true},{"start":{"line":137,"column":77},"end":{"line":146,"column":9},"skip":true}]},"14":{"line":148,"type":"binary-expr","locations":[{"start":{"line":148,"column":45},"end":{"line":148,"column":79},"skip":true},{"start":{"line":148,"column":83},"end":{"line":157,"column":9},"skip":true}]},"15":{"line":159,"type":"binary-expr","locations":[{"start":{"line":159,"column":43},"end":{"line":159,"column":75},"skip":true},{"start":{"line":159,"column":79},"end":{"line":168,"column":9},"skip":true}]},"16":{"line":170,"type":"binary-expr","locations":[{"start":{"line":170,"column":41},"end":{"line":170,"column":71},"skip":true},{"start":{"line":170,"column":75},"end":{"line":179,"column":9},"skip":true}]}},"code":["/* istanbul instrument in package npmtest_sane */","/*jslint","    bitwise: true,","    browser: true,","    maxerr: 8,","    maxlen: 96,","    node: true,","    nomen: true,","    regexp: true,","    stupid: true","*/","(function () {","    'use strict';","    var local;","","","","    // run shared js-env code - pre-init","    (function () {","        // init local","        local = {};","        // init modeJs","        local.modeJs = (function () {","            try {","                return typeof navigator.userAgent === 'string' &&","                    typeof document.querySelector('body') === 'object' &&","                    typeof XMLHttpRequest.prototype.open === 'function' &&","                    'browser';","            } catch (errorCaughtBrowser) {","                return module.exports &&","                    typeof process.versions.node === 'string' &&","                    typeof require('http').createServer === 'function' &&","                    'node';","            }","        }());","        // init global","        local.global = local.modeJs === 'browser'","            ? window","            : global;","        switch (local.modeJs) {","        // re-init local from window.local","        case 'browser':","            local = local.global.utility2.objectSetDefault(","                local.global.utility2_rollup || local.global.local,","                local.global.utility2","            );","            break;","        // re-init local from example.js","        case 'node':","            local = (local.global.utility2_rollup || require('utility2'))","                .requireExampleJsFromReadme();","            break;","        }","        // export local","        local.global.local = local;","    }());","","","","    // run shared js-env code - function","    (function () {","        return;","    }());","    switch (local.modeJs) {","","","","    // run browser js-env code - function","    case 'browser':","        break;","","","","    // run node js-env code - function","    case 'node':","        break;","    }","","","","    // run shared js-env code - post-init","    (function () {","        return;","    }());","    switch (local.modeJs) {","","","","    // run browser js-env code - post-init","    case 'browser':","        // run tests","        local.nop(local.modeTest &&","            document.querySelector('#testRunButton1') &&","            document.querySelector('#testRunButton1').click());","        break;","","","","    // run node js-env code - post-init","    /* istanbul ignore next */","    case 'node':","        local.testCase_buildApidoc_default = local.testCase_buildApidoc_default || function (","            options,","            onError","        ) {","        /*","         * this function will test buildApidoc's default handling-behavior-behavior","         */","            options = { modulePathList: module.paths };","            local.buildApidoc(options, onError);","        };","","        local.testCase_buildApp_default = local.testCase_buildApp_default || function (","            options,","            onError","        ) {","        /*","         * this function will test buildApp's default handling-behavior-behavior","         */","            local.testCase_buildReadme_default(options, local.onErrorThrow);","            local.testCase_buildLib_default(options, local.onErrorThrow);","            local.testCase_buildTest_default(options, local.onErrorThrow);","            local.testCase_buildCustomOrg_default(options, local.onErrorThrow);","            options = [];","            local.buildApp(options, onError);","        };","","        local.testCase_buildCustomOrg_default = local.testCase_buildCustomOrg_default ||","            function (options, onError) {","            /*","             * this function will test buildCustomOrg's default handling-behavior","             */","                options = {};","                local.buildCustomOrg(options, onError);","            };","","        local.testCase_buildLib_default = local.testCase_buildLib_default || function (","            options,","            onError","        ) {","        /*","         * this function will test buildLib's default handling-behavior","         */","            options = {};","            local.buildLib(options, onError);","        };","","        local.testCase_buildReadme_default = local.testCase_buildReadme_default || function (","            options,","            onError","        ) {","        /*","         * this function will test buildReadme's default handling-behavior-behavior","         */","            options = {};","            local.buildReadme(options, onError);","        };","","        local.testCase_buildTest_default = local.testCase_buildTest_default || function (","            options,","            onError","        ) {","        /*","         * this function will test buildTest's default handling-behavior","         */","            options = {};","            local.buildTest(options, onError);","        };","","        local.testCase_webpage_default = local.testCase_webpage_default || function (","            options,","            onError","        ) {","        /*","         * this function will test webpage's default handling-behavior","         */","            options = { modeCoverageMerge: true, url: local.serverLocalHost + '?modeTest=1' };","            local.browserTest(options, onError);","        };","","        // run test-server","        local.testRunServer(local);","        break;","    }","}());",""],"l":{"12":2,"14":2,"19":2,"21":2,"23":2,"24":2,"25":2,"30":1,"37":2,"40":2,"43":1,"47":1,"50":1,"52":1,"55":2,"61":2,"62":2,"64":2,"70":1,"76":1,"82":2,"83":2,"85":2,"92":1,"95":1,"102":1,"109":1,"110":1,"113":1,"120":1,"121":1,"122":1,"123":1,"124":1,"125":1,"128":1,"133":2,"134":2,"137":1,"144":2,"145":2,"148":1,"155":2,"156":2,"159":1,"166":2,"167":2,"170":1,"177":1,"178":1,"182":1,"183":1}},"/home/travis/build/npmtest/node-npmtest-sane/lib.npmtest_sane.js":{"path":"/home/travis/build/npmtest/node-npmtest-sane/lib.npmtest_sane.js","s":{"1":2,"2":2,"3":2,"4":2,"5":2,"6":2,"7":2,"8":1,"9":2,"10":2,"11":2,"12":2,"13":1,"14":1,"15":1,"16":1},"b":{"1":[2,1,1,1],"2":[1,1,1,1],"3":[1,1],"4":[2,2],"5":[1,1]},"f":{"1":2,"2":2,"3":2},"fnMap":{"1":{"name":"(anonymous_1)","line":12,"loc":{"start":{"line":12,"column":1},"end":{"line":12,"column":13}}},"2":{"name":"(anonymous_2)","line":19,"loc":{"start":{"line":19,"column":5},"end":{"line":19,"column":17}}},"3":{"name":"(anonymous_3)","line":23,"loc":{"start":{"line":23,"column":24},"end":{"line":23,"column":36}}}},"statementMap":{"1":{"start":{"line":12,"column":0},"end":{"line":53,"column":5}},"2":{"start":{"line":14,"column":4},"end":{"line":14,"column":14}},"3":{"start":{"line":19,"column":4},"end":{"line":52,"column":9}},"4":{"start":{"line":21,"column":8},"end":{"line":21,"column":19}},"5":{"start":{"line":23,"column":8},"end":{"line":35,"column":13}},"6":{"start":{"line":24,"column":12},"end":{"line":34,"column":13}},"7":{"start":{"line":25,"column":16},"end":{"line":28,"column":30}},"8":{"start":{"line":30,"column":16},"end":{"line":33,"column":27}},"9":{"start":{"line":37,"column":8},"end":{"line":39,"column":21}},"10":{"start":{"line":41,"column":8},"end":{"line":41,"column":54}},"11":{"start":{"line":43,"column":8},"end":{"line":43,"column":49}},"12":{"start":{"line":45,"column":8},"end":{"line":51,"column":9}},"13":{"start":{"line":46,"column":12},"end":{"line":46,"column":55}},"14":{"start":{"line":48,"column":12},"end":{"line":48,"column":35}},"15":{"start":{"line":49,"column":12},"end":{"line":49,"column":49}},"16":{"start":{"line":50,"column":12},"end":{"line":50,"column":43}}},"branchMap":{"1":{"line":25,"type":"binary-expr","locations":[{"start":{"line":25,"column":23},"end":{"line":25,"column":62}},{"start":{"line":26,"column":20},"end":{"line":26,"column":70}},{"start":{"line":27,"column":20},"end":{"line":27,"column":71}},{"start":{"line":28,"column":20},"end":{"line":28,"column":29}}]},"2":{"line":30,"type":"binary-expr","locations":[{"start":{"line":30,"column":23},"end":{"line":30,"column":37}},{"start":{"line":31,"column":20},"end":{"line":31,"column":61}},{"start":{"line":32,"column":20},"end":{"line":32,"column":70}},{"start":{"line":33,"column":20},"end":{"line":33,"column":26}}]},"3":{"line":37,"type":"cond-expr","locations":[{"start":{"line":38,"column":14},"end":{"line":38,"column":20}},{"start":{"line":39,"column":14},"end":{"line":39,"column":20}}]},"4":{"line":41,"type":"binary-expr","locations":[{"start":{"line":41,"column":16},"end":{"line":41,"column":44}},{"start":{"line":41,"column":48},"end":{"line":41,"column":53}}]},"5":{"line":45,"type":"if","locations":[{"start":{"line":45,"column":8},"end":{"line":45,"column":8}},{"start":{"line":45,"column":8},"end":{"line":45,"column":8}}]}},"code":["/* istanbul instrument in package npmtest_sane */","/*jslint","    bitwise: true,","    browser: true,","    maxerr: 8,","    maxlen: 96,","    node: true,","    nomen: true,","    regexp: true,","    stupid: true","*/","(function () {","    'use strict';","    var local;","","","","    // run shared js-env code - pre-init","    (function () {","        // init local","        local = {};","        // init modeJs","        local.modeJs = (function () {","            try {","                return typeof navigator.userAgent === 'string' &&","                    typeof document.querySelector('body') === 'object' &&","                    typeof XMLHttpRequest.prototype.open === 'function' &&","                    'browser';","            } catch (errorCaughtBrowser) {","                return module.exports &&","                    typeof process.versions.node === 'string' &&","                    typeof require('http').createServer === 'function' &&","                    'node';","            }","        }());","        // init global","        local.global = local.modeJs === 'browser'","            ? window","            : global;","        // init utility2_rollup","        local = local.global.utility2_rollup || local;","        // init lib","        local.local = local.npmtest_sane = local;","        // init exports","        if (local.modeJs === 'browser') {","            local.global.utility2_npmtest_sane = local;","        } else {","            module.exports = local;","            module.exports.__dirname = __dirname;","            module.exports.module = module;","        }","    }());","}());",""],"l":{"12":2,"14":2,"19":2,"21":2,"23":2,"24":2,"25":2,"30":1,"37":2,"41":2,"43":2,"45":2,"46":1,"48":1,"49":1,"50":1}},"/home/travis/build/npmtest/node-npmtest-sane/example.js":{"path":"/home/travis/build/npmtest/node-npmtest-sane/example.js","s":{"1":2,"2":2,"3":2,"4":2,"5":2,"6":2,"7":2,"8":1,"9":2,"10":2,"11":2,"12":2,"13":1,"14":2,"15":2,"16":2,"17":2,"18":2,"19":0,"20":2,"21":1,"22":1,"23":1,"24":1,"25":1,"26":0,"27":0,"28":1,"29":1,"30":2,"31":0,"32":0,"33":0,"34":1,"35":2,"36":2,"37":2,"38":2,"39":2,"40":2,"41":0,"42":2,"43":2,"44":2,"45":1,"46":3,"47":1,"48":1,"49":1,"50":1,"51":1,"52":1,"53":1,"54":1,"55":1,"56":1,"57":0,"58":1,"59":6,"60":6,"61":1,"62":2,"63":0,"64":2,"65":1,"66":1,"67":0,"68":0,"69":0,"70":0,"71":0,"72":0,"73":0,"74":0,"75":0,"76":0,"77":0,"78":0,"79":0,"80":0,"81":0,"82":0,"83":0},"b":{"1":[2,1,1,1],"2":[1,1,1,1],"3":[1,1],"4":[2,2],"5":[1,1],"6":[1,1],"7":[2,0],"8":[2,1,1,1,1,1],"9":[0,2,0],"10":[1,1],"11":[2,1,1],"12":[1,0],"13":[0,2],"14":[2,0,0,0,0,0,0],"15":[0,2],"16":[2,0],"17":[1,1],"18":[0,1],"19":[1,2,0,2],"20":[1,0],"21":[1,1],"22":[0,0],"23":[0,0],"24":[0,0],"25":[0,0],"26":[0,0],"27":[0,0],"28":[0,0]},"f":{"1":2,"2":2,"3":2,"4":2,"5":2,"6":2,"7":2,"8":2,"9":3,"10":1,"11":6,"12":0},"fnMap":{"1":{"name":"(anonymous_1)","line":26,"loc":{"start":{"line":26,"column":1},"end":{"line":26,"column":13}}},"2":{"name":"(anonymous_2)","line":33,"loc":{"start":{"line":33,"column":5},"end":{"line":33,"column":17}}},"3":{"name":"(anonymous_3)","line":37,"loc":{"start":{"line":37,"column":24},"end":{"line":37,"column":36}}},"4":{"name":"(anonymous_4)","line":69,"loc":{"start":{"line":69,"column":31},"end":{"line":69,"column":48}},"skip":true},"5":{"name":"(anonymous_5)","line":78,"loc":{"start":{"line":78,"column":26},"end":{"line":78,"column":45}},"skip":true},"6":{"name":"(anonymous_6)","line":123,"loc":{"start":{"line":123,"column":33},"end":{"line":123,"column":48}},"skip":true},"7":{"name":"(anonymous_7)","line":125,"loc":{"start":{"line":125,"column":27},"end":{"line":125,"column":39}},"skip":true},"8":{"name":"(anonymous_8)","line":133,"loc":{"start":{"line":133,"column":59},"end":{"line":133,"column":74}},"skip":true},"9":{"name":"(anonymous_9)","line":143,"loc":{"start":{"line":143,"column":45},"end":{"line":143,"column":62}},"skip":true},"10":{"name":"(anonymous_10)","line":144,"loc":{"start":{"line":144,"column":73},"end":{"line":144,"column":92}},"skip":true},"11":{"name":"(anonymous_11)","line":272,"loc":{"start":{"line":272,"column":51},"end":{"line":272,"column":77}},"skip":true},"12":{"name":"(anonymous_12)","line":314,"loc":{"start":{"line":314,"column":32},"end":{"line":314,"column":61}},"skip":true}},"statementMap":{"1":{"start":{"line":26,"column":0},"end":{"line":325,"column":5}},"2":{"start":{"line":28,"column":4},"end":{"line":28,"column":14}},"3":{"start":{"line":33,"column":4},"end":{"line":60,"column":9}},"4":{"start":{"line":35,"column":8},"end":{"line":35,"column":19}},"5":{"start":{"line":37,"column":8},"end":{"line":49,"column":13}},"6":{"start":{"line":38,"column":12},"end":{"line":48,"column":13}},"7":{"start":{"line":39,"column":16},"end":{"line":42,"column":30}},"8":{"start":{"line":44,"column":16},"end":{"line":47,"column":27}},"9":{"start":{"line":51,"column":8},"end":{"line":53,"column":21}},"10":{"start":{"line":55,"column":8},"end":{"line":57,"column":45}},"11":{"start":{"line":59,"column":8},"end":{"line":59,"column":35}},"12":{"start":{"line":61,"column":4},"end":{"line":324,"column":5}},"13":{"start":{"line":69,"column":8},"end":{"line":121,"column":10},"skip":true},"14":{"start":{"line":70,"column":12},"end":{"line":88,"column":13},"skip":true},"15":{"start":{"line":76,"column":16},"end":{"line":87,"column":19},"skip":true},"16":{"start":{"line":79,"column":20},"end":{"line":86,"column":21},"skip":true},"17":{"start":{"line":82,"column":24},"end":{"line":82,"column":43},"skip":true},"18":{"start":{"line":83,"column":24},"end":{"line":83,"column":30},"skip":true},"19":{"start":{"line":85,"column":24},"end":{"line":85,"column":49},"skip":true},"20":{"start":{"line":89,"column":12},"end":{"line":107,"column":13},"skip":true},"21":{"start":{"line":92,"column":16},"end":{"line":102,"column":17},"skip":true},"22":{"start":{"line":93,"column":20},"end":{"line":93,"column":86},"skip":true},"23":{"start":{"line":94,"column":20},"end":{"line":95,"column":45},"skip":true},"24":{"start":{"line":96,"column":20},"end":{"line":96,"column":42},"skip":true},"25":{"start":{"line":97,"column":20},"end":{"line":97,"column":48},"skip":true},"26":{"start":{"line":100,"column":20},"end":{"line":100,"column":85},"skip":true},"27":{"start":{"line":101,"column":20},"end":{"line":101,"column":96},"skip":true},"28":{"start":{"line":103,"column":16},"end":{"line":103,"column":22},"skip":true},"29":{"start":{"line":106,"column":16},"end":{"line":106,"column":22},"skip":true},"30":{"start":{"line":108,"column":12},"end":{"line":120,"column":13},"skip":true},"31":{"start":{"line":114,"column":16},"end":{"line":119,"column":17},"skip":true},"32":{"start":{"line":116,"column":20},"end":{"line":116,"column":78},"skip":true},"33":{"start":{"line":118,"column":20},"end":{"line":118,"column":47},"skip":true},"34":{"start":{"line":123,"column":8},"end":{"line":141,"column":11},"skip":true},"35":{"start":{"line":124,"column":12},"end":{"line":124,"column":54},"skip":true},"36":{"start":{"line":125,"column":12},"end":{"line":140,"column":14},"skip":true},"37":{"start":{"line":126,"column":16},"end":{"line":126,"column":28},"skip":true},"38":{"start":{"line":127,"column":16},"end":{"line":127,"column":69},"skip":true},"39":{"start":{"line":128,"column":16},"end":{"line":128,"column":75},"skip":true},"40":{"start":{"line":129,"column":16},"end":{"line":131,"column":17},"skip":true},"41":{"start":{"line":130,"column":20},"end":{"line":130,"column":27},"skip":true},"42":{"start":{"line":133,"column":16},"end":{"line":137,"column":36},"skip":true},"43":{"start":{"line":134,"column":20},"end":{"line":136,"column":55},"skip":true},"44":{"start":{"line":139,"column":16},"end":{"line":139,"column":57},"skip":true},"45":{"start":{"line":143,"column":8},"end":{"line":147,"column":11},"skip":true},"46":{"start":{"line":144,"column":12},"end":{"line":146,"column":15},"skip":true},"47":{"start":{"line":145,"column":16},"end":{"line":145,"column":70},"skip":true},"48":{"start":{"line":149,"column":8},"end":{"line":149,"column":31},"skip":true},"49":{"start":{"line":150,"column":8},"end":{"line":150,"column":14},"skip":true},"50":{"start":{"line":158,"column":8},"end":{"line":158,"column":31},"skip":true},"51":{"start":{"line":160,"column":8},"end":{"line":160,"column":33},"skip":true},"52":{"start":{"line":161,"column":8},"end":{"line":161,"column":37},"skip":true},"53":{"start":{"line":162,"column":8},"end":{"line":162,"column":35},"skip":true},"54":{"start":{"line":164,"column":8},"end":{"line":164,"column":50},"skip":true},"55":{"start":{"line":166,"column":8},"end":{"line":256,"column":2},"skip":true},"56":{"start":{"line":258,"column":8},"end":{"line":286,"column":9},"skip":true},"57":{"start":{"line":259,"column":12},"end":{"line":269,"column":14},"skip":true},"58":{"start":{"line":271,"column":12},"end":{"line":285,"column":19},"skip":true},"59":{"start":{"line":274,"column":20},"end":{"line":274,"column":35},"skip":true},"60":{"start":{"line":275,"column":20},"end":{"line":284,"column":21},"skip":true},"61":{"start":{"line":277,"column":24},"end":{"line":277,"column":64},"skip":true},"62":{"start":{"line":279,"column":24},"end":{"line":279,"column":40},"skip":true},"63":{"start":{"line":281,"column":24},"end":{"line":281,"column":40},"skip":true},"64":{"start":{"line":283,"column":24},"end":{"line":283,"column":39},"skip":true},"65":{"start":{"line":288,"column":8},"end":{"line":290,"column":9},"skip":true},"66":{"start":{"line":289,"column":12},"end":{"line":289,"column":18},"skip":true},"67":{"start":{"line":291,"column":8},"end":{"line":293,"column":54},"skip":true},"68":{"start":{"line":294,"column":8},"end":{"line":301,"column":37},"skip":true},"69":{"start":{"line":302,"column":8},"end":{"line":302,"column":82},"skip":true},"70":{"start":{"line":305,"column":8},"end":{"line":307,"column":9},"skip":true},"71":{"start":{"line":306,"column":12},"end":{"line":306,"column":82},"skip":true},"72":{"start":{"line":309,"column":8},"end":{"line":311,"column":9},"skip":true},"73":{"start":{"line":310,"column":12},"end":{"line":310,"column":18},"skip":true},"74":{"start":{"line":312,"column":8},"end":{"line":312,"column":54},"skip":true},"75":{"start":{"line":313,"column":8},"end":{"line":313,"column":69},"skip":true},"76":{"start":{"line":314,"column":8},"end":{"line":322,"column":36},"skip":true},"77":{"start":{"line":315,"column":12},"end":{"line":315,"column":61},"skip":true},"78":{"start":{"line":316,"column":12},"end":{"line":319,"column":13},"skip":true},"79":{"start":{"line":317,"column":16},"end":{"line":317,"column":75},"skip":true},"80":{"start":{"line":318,"column":16},"end":{"line":318,"column":23},"skip":true},"81":{"start":{"line":320,"column":12},"end":{"line":320,"column":38},"skip":true},"82":{"start":{"line":321,"column":12},"end":{"line":321,"column":27},"skip":true},"83":{"start":{"line":323,"column":8},"end":{"line":323,"column":14},"skip":true}},"branchMap":{"1":{"line":39,"type":"binary-expr","locations":[{"start":{"line":39,"column":23},"end":{"line":39,"column":62}},{"start":{"line":40,"column":20},"end":{"line":40,"column":70}},{"start":{"line":41,"column":20},"end":{"line":41,"column":71}},{"start":{"line":42,"column":20},"end":{"line":42,"column":29}}]},"2":{"line":44,"type":"binary-expr","locations":[{"start":{"line":44,"column":23},"end":{"line":44,"column":37}},{"start":{"line":45,"column":20},"end":{"line":45,"column":61}},{"start":{"line":46,"column":20},"end":{"line":46,"column":70}},{"start":{"line":47,"column":20},"end":{"line":47,"column":26}}]},"3":{"line":51,"type":"cond-expr","locations":[{"start":{"line":52,"column":14},"end":{"line":52,"column":20}},{"start":{"line":53,"column":14},"end":{"line":53,"column":20}}]},"4":{"line":55,"type":"binary-expr","locations":[{"start":{"line":55,"column":16},"end":{"line":55,"column":44}},{"start":{"line":55,"column":49},"end":{"line":57,"column":43}}]},"5":{"line":55,"type":"cond-expr","locations":[{"start":{"line":56,"column":14},"end":{"line":56,"column":48}},{"start":{"line":57,"column":14},"end":{"line":57,"column":43}}]},"6":{"line":61,"type":"switch","locations":[{"start":{"line":68,"column":4},"end":{"line":150,"column":14},"skip":true},{"start":{"line":156,"column":4},"end":{"line":323,"column":14},"skip":true}]},"7":{"line":70,"type":"if","locations":[{"start":{"line":70,"column":12},"end":{"line":70,"column":12},"skip":true},{"start":{"line":70,"column":12},"end":{"line":70,"column":12},"skip":true}]},"8":{"line":70,"type":"binary-expr","locations":[{"start":{"line":70,"column":16},"end":{"line":70,"column":22},"skip":true},{"start":{"line":70,"column":27},"end":{"line":70,"column":32},"skip":true},{"start":{"line":71,"column":20},"end":{"line":71,"column":39},"skip":true},{"start":{"line":72,"column":20},"end":{"line":72,"column":49},"skip":true},{"start":{"line":73,"column":20},"end":{"line":73,"column":58},"skip":true},{"start":{"line":74,"column":20},"end":{"line":74,"column":69},"skip":true}]},"9":{"line":79,"type":"switch","locations":[{"start":{"line":80,"column":20},"end":{"line":80,"column":33},"skip":true},{"start":{"line":81,"column":20},"end":{"line":83,"column":30},"skip":true},{"start":{"line":84,"column":20},"end":{"line":85,"column":49},"skip":true}]},"10":{"line":89,"type":"switch","locations":[{"start":{"line":90,"column":12},"end":{"line":103,"column":22},"skip":true},{"start":{"line":105,"column":12},"end":{"line":106,"column":22},"skip":true}]},"11":{"line":89,"type":"binary-expr","locations":[{"start":{"line":89,"column":20},"end":{"line":89,"column":25},"skip":true},{"start":{"line":89,"column":29},"end":{"line":89,"column":48},"skip":true},{"start":{"line":89,"column":52},"end":{"line":89,"column":74},"skip":true}]},"12":{"line":92,"type":"if","locations":[{"start":{"line":92,"column":16},"end":{"line":92,"column":16},"skip":true},{"start":{"line":92,"column":16},"end":{"line":92,"column":16},"skip":true}]},"13":{"line":108,"type":"if","locations":[{"start":{"line":108,"column":12},"end":{"line":108,"column":12},"skip":true},{"start":{"line":108,"column":12},"end":{"line":108,"column":12},"skip":true}]},"14":{"line":108,"type":"binary-expr","locations":[{"start":{"line":108,"column":16},"end":{"line":108,"column":61},"skip":true},{"start":{"line":108,"column":66},"end":{"line":108,"column":72},"skip":true},{"start":{"line":108,"column":77},"end":{"line":108,"column":82},"skip":true},{"start":{"line":109,"column":20},"end":{"line":109,"column":39},"skip":true},{"start":{"line":110,"column":20},"end":{"line":110,"column":49},"skip":true},{"start":{"line":111,"column":20},"end":{"line":111,"column":58},"skip":true},{"start":{"line":112,"column":20},"end":{"line":112,"column":68},"skip":true}]},"15":{"line":129,"type":"if","locations":[{"start":{"line":129,"column":16},"end":{"line":129,"column":16},"skip":true},{"start":{"line":129,"column":16},"end":{"line":129,"column":16},"skip":true}]},"16":{"line":134,"type":"cond-expr","locations":[{"start":{"line":135,"column":26},"end":{"line":135,"column":29},"skip":true},{"start":{"line":136,"column":26},"end":{"line":136,"column":54},"skip":true}]},"17":{"line":164,"type":"binary-expr","locations":[{"start":{"line":164,"column":27},"end":{"line":164,"column":43},"skip":true},{"start":{"line":164,"column":47},"end":{"line":164,"column":49},"skip":true}]},"18":{"line":258,"type":"if","locations":[{"start":{"line":258,"column":8},"end":{"line":258,"column":8},"skip":true},{"start":{"line":258,"column":8},"end":{"line":258,"column":8},"skip":true}]},"19":{"line":275,"type":"switch","locations":[{"start":{"line":276,"column":20},"end":{"line":277,"column":64},"skip":true},{"start":{"line":278,"column":20},"end":{"line":279,"column":40},"skip":true},{"start":{"line":280,"column":20},"end":{"line":281,"column":40},"skip":true},{"start":{"line":282,"column":20},"end":{"line":283,"column":39},"skip":true}]},"20":{"line":288,"type":"if","locations":[{"start":{"line":288,"column":8},"end":{"line":288,"column":8},"skip":true},{"start":{"line":288,"column":8},"end":{"line":288,"column":8},"skip":true}]},"21":{"line":288,"type":"binary-expr","locations":[{"start":{"line":288,"column":12},"end":{"line":288,"column":40},"skip":true},{"start":{"line":288,"column":44},"end":{"line":288,"column":67},"skip":true}]},"22":{"line":292,"type":"binary-expr","locations":[{"start":{"line":292,"column":12},"end":{"line":292,"column":50},"skip":true},{"start":{"line":293,"column":12},"end":{"line":293,"column":53},"skip":true}]},"23":{"line":295,"type":"binary-expr","locations":[{"start":{"line":295,"column":12},"end":{"line":295,"column":62},"skip":true},{"start":{"line":296,"column":12},"end":{"line":301,"column":36},"skip":true}]},"24":{"line":302,"type":"binary-expr","locations":[{"start":{"line":302,"column":43},"end":{"line":302,"column":75},"skip":true},{"start":{"line":302,"column":79},"end":{"line":302,"column":81},"skip":true}]},"25":{"line":305,"type":"if","locations":[{"start":{"line":305,"column":8},"end":{"line":305,"column":8},"skip":true},{"start":{"line":305,"column":8},"end":{"line":305,"column":8},"skip":true}]},"26":{"line":309,"type":"if","locations":[{"start":{"line":309,"column":8},"end":{"line":309,"column":8},"skip":true},{"start":{"line":309,"column":8},"end":{"line":309,"column":8},"skip":true}]},"27":{"line":312,"type":"binary-expr","locations":[{"start":{"line":312,"column":27},"end":{"line":312,"column":43},"skip":true},{"start":{"line":312,"column":47},"end":{"line":312,"column":53},"skip":true}]},"28":{"line":316,"type":"if","locations":[{"start":{"line":316,"column":12},"end":{"line":316,"column":12},"skip":true},{"start":{"line":316,"column":12},"end":{"line":316,"column":12},"skip":true}]}},"code":["/*","example.js","","quickstart example","","instruction","    1. save this script as example.js","    2. run the shell command:","        $ npm install npmtest-sane && PORT=8081 node example.js","    3. play with the browser-demo on http://127.0.0.1:8081","*/","","","","/* istanbul instrument in package npmtest_sane */","/*jslint","    bitwise: true,","    browser: true,","    maxerr: 8,","    maxlen: 96,","    node: true,","    nomen: true,","    regexp: true,","    stupid: true","*/","(function () {","    'use strict';","    var local;","","","","    // run shared js-env code - pre-init","    (function () {","        // init local","        local = {};","        // init modeJs","        local.modeJs = (function () {","            try {","                return typeof navigator.userAgent === 'string' &&","                    typeof document.querySelector('body') === 'object' &&","                    typeof XMLHttpRequest.prototype.open === 'function' &&","                    'browser';","            } catch (errorCaughtBrowser) {","                return module.exports &&","                    typeof process.versions.node === 'string' &&","                    typeof require('http').createServer === 'function' &&","                    'node';","            }","        }());","        // init global","        local.global = local.modeJs === 'browser'","            ? window","            : global;","        // init utility2_rollup","        local = local.global.utility2_rollup || (local.modeJs === 'browser'","            ? local.global.utility2_npmtest_sane","            : global.utility2_moduleExports);","        // export local","        local.global.local = local;","    }());","    switch (local.modeJs) {","","","","    // post-init","    // run browser js-env code - post-init","    /* istanbul ignore next */","    case 'browser':","        local.testRunBrowser = function (event) {","            if (!event || (event &&","                    event.currentTarget &&","                    event.currentTarget.className &&","                    event.currentTarget.className.includes &&","                    event.currentTarget.className.includes('onreset'))) {","                // reset output","                Array.from(","                    document.querySelectorAll('body > .resettable')","                ).forEach(function (element) {","                    switch (element.tagName) {","                    case 'INPUT':","                    case 'TEXTAREA':","                        element.value = '';","                        break;","                    default:","                        element.textContent = '';","                    }","                });","            }","            switch (event && event.currentTarget && event.currentTarget.id) {","            case 'testRunButton1':","                // show tests","                if (document.querySelector('#testReportDiv1').style.display === 'none') {","                    document.querySelector('#testReportDiv1').style.display = 'block';","                    document.querySelector('#testRunButton1').textContent =","                        'hide internal test';","                    local.modeTest = true;","                    local.testRunDefault(local);","                // hide tests","                } else {","                    document.querySelector('#testReportDiv1').style.display = 'none';","                    document.querySelector('#testRunButton1').textContent = 'run internal test';","                }","                break;","            // custom-case","            default:","                break;","            }","            if (document.querySelector('#inputTextareaEval1') && (!event || (event &&","                    event.currentTarget &&","                    event.currentTarget.className &&","                    event.currentTarget.className.includes &&","                    event.currentTarget.className.includes('oneval')))) {","                // try to eval input-code","                try {","                    /*jslint evil: true*/","                    eval(document.querySelector('#inputTextareaEval1').value);","                } catch (errorCaught) {","                    console.error(errorCaught);","                }","            }","        };","        // log stderr and stdout to #outputTextareaStdout1","        ['error', 'log'].forEach(function (key) {","            console[key + '_original'] = console[key];","            console[key] = function () {","                var element;","                console[key + '_original'].apply(console, arguments);","                element = document.querySelector('#outputTextareaStdout1');","                if (!element) {","                    return;","                }","                // append text to #outputTextareaStdout1","                element.value += Array.from(arguments).map(function (arg) {","                    return typeof arg === 'string'","                        ? arg","                        : JSON.stringify(arg, null, 4);","                }).join(' ') + '\\n';","                // scroll textarea to bottom","                element.scrollTop = element.scrollHeight;","            };","        });","        // init event-handling","        ['change', 'click', 'keyup'].forEach(function (event) {","            Array.from(document.querySelectorAll('.on' + event)).forEach(function (element) {","                element.addEventListener(event, local.testRunBrowser);","            });","        });","        // run tests","        local.testRunBrowser();","        break;","","","","    // run node js-env code - post-init","    /* istanbul ignore next */","    case 'node':","        // export local","        module.exports = local;","        // require modules","        local.fs = require('fs');","        local.http = require('http');","        local.url = require('url');","        // init assets","        local.assetsDict = local.assetsDict || {};","        /* jslint-ignore-begin */","        local.assetsDict['/assets.index.template.html'] = '\\","<!doctype html>\\n\\","<html lang=\"en\">\\n\\","<head>\\n\\","<meta charset=\"UTF-8\">\\n\\","<meta name=\"viewport\" content=\"width=device-width, initial-scale=1\">\\n\\","<title>{{env.npm_package_name}} (v{{env.npm_package_version}})</title>\\n\\","<style>\\n\\","/*csslint\\n\\","    box-sizing: false,\\n\\","    universal-selector: false\\n\\","*/\\n\\","* {\\n\\","    box-sizing: border-box;\\n\\","}\\n\\","body {\\n\\","    background: #dde;\\n\\","    font-family: Arial, Helvetica, sans-serif;\\n\\","    margin: 2rem;\\n\\","}\\n\\","body > * {\\n\\","    margin-bottom: 1rem;\\n\\","}\\n\\",".utility2FooterDiv {\\n\\","    margin-top: 20px;\\n\\","    text-align: center;\\n\\","}\\n\\","</style>\\n\\","<style>\\n\\","/*csslint\\n\\","*/\\n\\","textarea {\\n\\","    font-family: monospace;\\n\\","    height: 10rem;\\n\\","    width: 100%;\\n\\","}\\n\\","textarea[readonly] {\\n\\","    background: #ddd;\\n\\","}\\n\\","</style>\\n\\","</head>\\n\\","<body>\\n\\","<!-- utility2-comment\\n\\","<div id=\"ajaxProgressDiv1\" style=\"background: #d00; height: 2px; left: 0; margin: 0; padding: 0; position: fixed; top: 0; transition: background 0.5s, width 1.5s; width: 25%;\"></div>\\n\\","utility2-comment -->\\n\\","<h1>\\n\\","<!-- utility2-comment\\n\\","    <a\\n\\","        {{#if env.npm_package_homepage}}\\n\\","        href=\"{{env.npm_package_homepage}}\"\\n\\","        {{/if env.npm_package_homepage}}\\n\\","        target=\"_blank\"\\n\\","    >\\n\\","utility2-comment -->\\n\\","        {{env.npm_package_name}} (v{{env.npm_package_version}})\\n\\","<!-- utility2-comment\\n\\","    </a>\\n\\","utility2-comment -->\\n\\","</h1>\\n\\","<h3>{{env.npm_package_description}}</h3>\\n\\","<!-- utility2-comment\\n\\","<h4><a download href=\"assets.app.js\">download standalone app</a></h4>\\n\\","<button class=\"onclick onreset\" id=\"testRunButton1\">run internal test</button><br>\\n\\","<div id=\"testReportDiv1\" style=\"display: none;\"></div>\\n\\","utility2-comment -->\\n\\","\\n\\","\\n\\","\\n\\","<label>stderr and stdout</label>\\n\\","<textarea class=\"resettable\" id=\"outputTextareaStdout1\" readonly></textarea>\\n\\","<!-- utility2-comment\\n\\","{{#if isRollup}}\\n\\","<script src=\"assets.app.js\"></script>\\n\\","{{#unless isRollup}}\\n\\","utility2-comment -->\\n\\","<script src=\"assets.utility2.rollup.js\"></script>\\n\\","<script src=\"jsonp.utility2._stateInit?callback=window.utility2._stateInit\"></script>\\n\\","<script src=\"assets.npmtest_sane.rollup.js\"></script>\\n\\","<script src=\"assets.example.js\"></script>\\n\\","<script src=\"assets.test.js\"></script>\\n\\","<!-- utility2-comment\\n\\","{{/if isRollup}}\\n\\","utility2-comment -->\\n\\","<div class=\"utility2FooterDiv\">\\n\\","    [ this app was created with\\n\\","    <a href=\"https://github.com/kaizhu256/node-utility2\" target=\"_blank\">utility2</a>\\n\\","    ]\\n\\","</div>\\n\\","</body>\\n\\","</html>\\n\\","';","        /* jslint-ignore-end */","        if (local.templateRender) {","            local.assetsDict['/'] = local.templateRender(","                local.assetsDict['/assets.index.template.html'],","                {","                    env: local.objectSetDefault(local.env, {","                        npm_package_description: 'the greatest app in the world!',","                        npm_package_name: 'my-app',","                        npm_package_nameAlias: 'my_app',","                        npm_package_version: '0.0.1'","                    })","                }","            );","        } else {","            local.assetsDict['/'] = local.assetsDict['/assets.index.template.html']","                .replace((/\\{\\{env\\.(\\w+?)\\}\\}/g), function (match0, match1) {","                    // jslint-hack","                    String(match0);","                    switch (match1) {","                    case 'npm_package_description':","                        return 'the greatest app in the world!';","                    case 'npm_package_name':","                        return 'my-app';","                    case 'npm_package_nameAlias':","                        return 'my_app';","                    case 'npm_package_version':","                        return '0.0.1';","                    }","                });","        }","        // run the cli","        if (local.global.utility2_rollup || module !== require.main) {","            break;","        }","        local.assetsDict['/assets.example.js'] =","            local.assetsDict['/assets.example.js'] ||","            local.fs.readFileSync(__filename, 'utf8');","        local.assetsDict['/assets.npmtest_sane.rollup.js'] =","            local.assetsDict['/assets.npmtest_sane.rollup.js'] ||","            local.fs.readFileSync(","                // buildCustomOrg-hack","                local.npmtest_sane.__dirname +","                    '/lib.npmtest_sane.js',","                'utf8'","            ).replace((/^#!/), '//');","        local.assetsDict['/favicon.ico'] = local.assetsDict['/favicon.ico'] || '';","        // if $npm_config_timeout_exit exists,","        // then exit this process after $npm_config_timeout_exit ms","        if (Number(process.env.npm_config_timeout_exit)) {","            setTimeout(process.exit, Number(process.env.npm_config_timeout_exit));","        }","        // start server","        if (local.global.utility2_serverHttp1) {","            break;","        }","        process.env.PORT = process.env.PORT || '8081';","        console.error('server starting on port ' + process.env.PORT);","        local.http.createServer(function (request, response) {","            request.urlParsed = local.url.parse(request.url);","            if (local.assetsDict[request.urlParsed.pathname] !== undefined) {","                response.end(local.assetsDict[request.urlParsed.pathname]);","                return;","            }","            response.statusCode = 404;","            response.end();","        }).listen(process.env.PORT);","        break;","    }","}());",""],"l":{"26":2,"28":2,"33":2,"35":2,"37":2,"38":2,"39":2,"44":1,"51":2,"55":2,"59":2,"61":2,"69":1,"70":2,"76":2,"79":2,"82":2,"83":2,"85":1,"89":2,"92":1,"93":1,"94":1,"96":1,"97":1,"100":1,"101":1,"103":1,"106":1,"108":2,"114":1,"116":1,"118":1,"123":1,"124":2,"125":2,"126":2,"127":2,"128":2,"129":2,"130":1,"133":2,"134":2,"139":2,"143":1,"144":3,"145":1,"149":1,"150":1,"158":1,"160":1,"161":1,"162":1,"164":1,"166":1,"258":1,"259":1,"271":1,"274":6,"275":6,"277":1,"279":2,"281":1,"283":2,"288":1,"289":1,"291":1,"294":1,"302":1,"305":1,"306":1,"309":1,"310":1,"312":1,"313":1,"314":1,"315":1,"316":1,"317":1,"318":1,"320":1,"321":1,"323":1}},"/home/travis/build/npmtest/node-npmtest-sane/node_modules/sane/index.js":{"path":"/home/travis/build/npmtest/node-npmtest-sane/node_modules/sane/index.js","s":{"1":1,"2":1,"3":1,"4":1,"5":0,"6":0,"7":0,"8":0,"9":0,"10":0,"11":0,"12":0,"13":0,"14":1,"15":1,"16":1,"17":1},"b":{"1":[0,0],"2":[0,0],"3":[0,0],"4":[0,0]},"f":{"1":0},"fnMap":{"1":{"name":"sane","line":7,"loc":{"start":{"line":7,"column":0},"end":{"line":7,"column":28}}}},"statementMap":{"1":{"start":{"line":3,"column":0},"end":{"line":3,"column":48}},"2":{"start":{"line":4,"column":0},"end":{"line":4,"column":48}},"3":{"start":{"line":5,"column":0},"end":{"line":5,"column":56}},"4":{"start":{"line":7,"column":0},"end":{"line":19,"column":1}},"5":{"start":{"line":8,"column":2},"end":{"line":8,"column":26}},"6":{"start":{"line":9,"column":2},"end":{"line":18,"column":3}},"7":{"start":{"line":10,"column":4},"end":{"line":10,"column":48}},"8":{"start":{"line":11,"column":4},"end":{"line":11,"column":42}},"9":{"start":{"line":12,"column":9},"end":{"line":18,"column":3}},"10":{"start":{"line":13,"column":4},"end":{"line":13,"column":41}},"11":{"start":{"line":14,"column":9},"end":{"line":18,"column":3}},"12":{"start":{"line":15,"column":4},"end":{"line":15,"column":45}},"13":{"start":{"line":17,"column":4},"end":{"line":17,"column":41}},"14":{"start":{"line":21,"column":0},"end":{"line":21,"column":22}},"15":{"start":{"line":22,"column":0},"end":{"line":22,"column":31}},"16":{"start":{"line":23,"column":0},"end":{"line":23,"column":31}},"17":{"start":{"line":24,"column":0},"end":{"line":24,"column":39}}},"branchMap":{"1":{"line":8,"type":"binary-expr","locations":[{"start":{"line":8,"column":12},"end":{"line":8,"column":19}},{"start":{"line":8,"column":23},"end":{"line":8,"column":25}}]},"2":{"line":9,"type":"if","locations":[{"start":{"line":9,"column":2},"end":{"line":9,"column":2}},{"start":{"line":9,"column":2},"end":{"line":9,"column":2}}]},"3":{"line":12,"type":"if","locations":[{"start":{"line":12,"column":9},"end":{"line":12,"column":9}},{"start":{"line":12,"column":9},"end":{"line":12,"column":9}}]},"4":{"line":14,"type":"if","locations":[{"start":{"line":14,"column":9},"end":{"line":14,"column":9}},{"start":{"line":14,"column":9},"end":{"line":14,"column":9}}]}},"code":["'use strict';","","var NodeWatcher = require('./src/node_watcher');","var PollWatcher = require('./src/poll_watcher');","var WatchmanWatcher = require('./src/watchman_watcher');","","function sane(dir, options) {","  options = options || {};","  if (options.watcher) {","    var WatcherClass = require(options.watcher);","    return new WatcherClass(dir, options);","  } else if (options.poll) {","    return new PollWatcher(dir, options);","  } else if (options.watchman) {","    return new WatchmanWatcher(dir, options);","  } else {","    return new NodeWatcher(dir, options);","  }","}","","module.exports = sane;","sane.NodeWatcher = NodeWatcher;","sane.PollWatcher = PollWatcher;","sane.WatchmanWatcher = WatchmanWatcher;",""],"l":{"3":1,"4":1,"5":1,"7":1,"8":0,"9":0,"10":0,"11":0,"12":0,"13":0,"14":0,"15":0,"17":0,"21":1,"22":1,"23":1,"24":1}},"/home/travis/build/npmtest/node-npmtest-sane/node_modules/sane/src/node_watcher.js":{"path":"/home/travis/build/npmtest/node-npmtest-sane/node_modules/sane/src/node_watcher.js","s":{"1":1,"2":1,"3":1,"4":1,"5":1,"6":1,"7":1,"8":1,"9":1,"10":1,"11":1,"12":1,"13":1,"14":1,"15":0,"16":0,"17":0,"18":0,"19":0,"20":0,"21":0,"22":0,"23":0,"24":1,"25":1,"26":0,"27":0,"28":0,"29":0,"30":0,"31":0,"32":0,"33":0,"34":0,"35":1,"36":0,"37":0,"38":0,"39":0,"40":1,"41":0,"42":0,"43":1,"44":0,"45":0,"46":1,"47":0,"48":0,"49":0,"50":0,"51":0,"52":0,"53":0,"54":0,"55":0,"56":0,"57":1,"58":0,"59":0,"60":0,"61":1,"62":0,"63":0,"64":0,"65":0,"66":1,"67":0,"68":0,"69":0,"70":0,"71":0,"72":0,"73":0,"74":0,"75":0,"76":0,"77":0,"78":0,"79":0,"80":0,"81":0,"82":0,"83":0,"84":0,"85":0,"86":1,"87":0,"88":0,"89":0,"90":0,"91":0,"92":1,"93":0,"94":0,"95":0,"96":0,"97":0,"98":0,"99":0,"100":0,"101":0,"102":0,"103":0,"104":0,"105":0,"106":0,"107":0,"108":0,"109":0,"110":0,"111":0,"112":0,"113":0,"114":1,"115":0,"116":0,"117":0,"118":0,"119":0,"120":0,"121":0,"122":0,"123":0,"124":1,"125":0,"126":0,"127":0,"128":0,"129":0,"130":1,"131":0,"132":0},"b":{"1":[0,0],"2":[0,0],"3":[0,0],"4":[0,0],"5":[0,0,0],"6":[0,0],"7":[0,0],"8":[0,0],"9":[0,0],"10":[0,0],"11":[0,0],"12":[0,0],"13":[0,0],"14":[0,0],"15":[0,0],"16":[0,0,0],"17":[0,0],"18":[0,0],"19":[0,0],"20":[0,0],"21":[0,0],"22":[0,0],"23":[0,0],"24":[0,0],"25":[0,0],"26":[0,0],"27":[0,0],"28":[0,0],"29":[0,0],"30":[0,0],"31":[0,0],"32":[0,0],"33":[0,0],"34":[0,0]},"f":{"1":0,"2":0,"3":0,"4":0,"5":0,"6":0,"7":0,"8":0,"9":0,"10":0,"11":0,"12":0,"13":0,"14":0,"15":0,"16":0,"17":0,"18":0,"19":0,"20":0,"21":0,"22":0,"23":0},"fnMap":{"1":{"name":"NodeWatcher","line":36,"loc":{"start":{"line":36,"column":0},"end":{"line":36,"column":32}}},"2":{"name":"(anonymous_2)","line":75,"loc":{"start":{"line":75,"column":33},"end":{"line":75,"column":52}}},"3":{"name":"(anonymous_3)","line":103,"loc":{"start":{"line":103,"column":35},"end":{"line":103,"column":54}}},"4":{"name":"(anonymous_4)","line":118,"loc":{"start":{"line":118,"column":38},"end":{"line":118,"column":56}}},"5":{"name":"(anonymous_5)","line":132,"loc":{"start":{"line":132,"column":35},"end":{"line":132,"column":54}}},"6":{"name":"(anonymous_6)","line":145,"loc":{"start":{"line":145,"column":33},"end":{"line":145,"column":47}}},"7":{"name":"(anonymous_7)","line":159,"loc":{"start":{"line":159,"column":24},"end":{"line":159,"column":40}}},"8":{"name":"(anonymous_8)","line":178,"loc":{"start":{"line":178,"column":37},"end":{"line":178,"column":51}}},"9":{"name":"(anonymous_9)","line":191,"loc":{"start":{"line":191,"column":30},"end":{"line":191,"column":49}}},"10":{"name":"(anonymous_10)","line":210,"loc":{"start":{"line":210,"column":42},"end":{"line":210,"column":73}}},"11":{"name":"(anonymous_11)","line":218,"loc":{"start":{"line":218,"column":46},"end":{"line":218,"column":69}}},"12":{"name":"(anonymous_12)","line":219,"loc":{"start":{"line":219,"column":35},"end":{"line":219,"column":57}}},"13":{"name":"(anonymous_13)","line":254,"loc":{"start":{"line":254,"column":40},"end":{"line":254,"column":67}}},"14":{"name":"(anonymous_14)","line":256,"loc":{"start":{"line":256,"column":39},"end":{"line":256,"column":60}}},"15":{"name":"(anonymous_15)","line":275,"loc":{"start":{"line":275,"column":38},"end":{"line":275,"column":65}}},"16":{"name":"(anonymous_16)","line":278,"loc":{"start":{"line":278,"column":21},"end":{"line":278,"column":43}}},"17":{"name":"(anonymous_17)","line":320,"loc":{"start":{"line":320,"column":34},"end":{"line":320,"column":61}}},"18":{"name":"(anonymous_18)","line":329,"loc":{"start":{"line":329,"column":38},"end":{"line":329,"column":49}}},"19":{"name":"recReaddir","line":347,"loc":{"start":{"line":347,"column":0},"end":{"line":347,"column":74}}},"20":{"name":"(anonymous_20)","line":349,"loc":{"start":{"line":349,"column":15},"end":{"line":349,"column":36}}},"21":{"name":"(anonymous_21)","line":354,"loc":{"start":{"line":354,"column":15},"end":{"line":354,"column":26}}},"22":{"name":"normalizeProxy","line":372,"loc":{"start":{"line":372,"column":0},"end":{"line":372,"column":34}}},"23":{"name":"(anonymous_23)","line":373,"loc":{"start":{"line":373,"column":9},"end":{"line":373,"column":28}}}},"statementMap":{"1":{"start":{"line":3,"column":0},"end":{"line":3,"column":23}},"2":{"start":{"line":4,"column":0},"end":{"line":4,"column":27}},"3":{"start":{"line":5,"column":0},"end":{"line":5,"column":31}},"4":{"start":{"line":6,"column":0},"end":{"line":6,"column":33}},"5":{"start":{"line":7,"column":0},"end":{"line":7,"column":40}},"6":{"start":{"line":8,"column":0},"end":{"line":8,"column":50}},"7":{"start":{"line":9,"column":0},"end":{"line":9,"column":35}},"8":{"start":{"line":15,"column":0},"end":{"line":15,"column":41}},"9":{"start":{"line":16,"column":0},"end":{"line":16,"column":39}},"10":{"start":{"line":17,"column":0},"end":{"line":17,"column":39}},"11":{"start":{"line":18,"column":0},"end":{"line":18,"column":33}},"12":{"start":{"line":19,"column":0},"end":{"line":19,"column":33}},"13":{"start":{"line":25,"column":0},"end":{"line":25,"column":29}},"14":{"start":{"line":36,"column":0},"end":{"line":54,"column":1}},"15":{"start":{"line":37,"column":2},"end":{"line":37,"column":42}},"16":{"start":{"line":39,"column":2},"end":{"line":39,"column":37}},"17":{"start":{"line":40,"column":2},"end":{"line":40,"column":42}},"18":{"start":{"line":41,"column":2},"end":{"line":41,"column":42}},"19":{"start":{"line":42,"column":2},"end":{"line":42,"column":32}},"20":{"start":{"line":43,"column":2},"end":{"line":43,"column":43}},"21":{"start":{"line":44,"column":2},"end":{"line":44,"column":43}},"22":{"start":{"line":46,"column":2},"end":{"line":46,"column":27}},"23":{"start":{"line":47,"column":2},"end":{"line":53,"column":4}},"24":{"start":{"line":56,"column":0},"end":{"line":56,"column":57}},"25":{"start":{"line":75,"column":0},"end":{"line":94,"column":2}},"26":{"start":{"line":76,"column":2},"end":{"line":76,"column":56}},"27":{"start":{"line":77,"column":2},"end":{"line":83,"column":3}},"28":{"start":{"line":82,"column":4},"end":{"line":82,"column":17}},"29":{"start":{"line":85,"column":2},"end":{"line":85,"column":35}},"30":{"start":{"line":86,"column":2},"end":{"line":88,"column":3}},"31":{"start":{"line":87,"column":4},"end":{"line":87,"column":49}},"32":{"start":{"line":90,"column":2},"end":{"line":90,"column":41}},"33":{"start":{"line":91,"column":2},"end":{"line":91,"column":42}},"34":{"start":{"line":93,"column":2},"end":{"line":93,"column":14}},"35":{"start":{"line":103,"column":0},"end":{"line":109,"column":2}},"36":{"start":{"line":104,"column":2},"end":{"line":104,"column":35}},"37":{"start":{"line":105,"column":2},"end":{"line":108,"column":3}},"38":{"start":{"line":106,"column":4},"end":{"line":106,"column":43}},"39":{"start":{"line":107,"column":4},"end":{"line":107,"column":44}},"40":{"start":{"line":118,"column":0},"end":{"line":122,"column":2}},"41":{"start":{"line":119,"column":2},"end":{"line":121,"column":3}},"42":{"start":{"line":120,"column":4},"end":{"line":120,"column":38}},"43":{"start":{"line":132,"column":0},"end":{"line":136,"column":2}},"44":{"start":{"line":133,"column":2},"end":{"line":133,"column":35}},"45":{"start":{"line":134,"column":2},"end":{"line":135,"column":78}},"46":{"start":{"line":145,"column":0},"end":{"line":169,"column":2}},"47":{"start":{"line":146,"column":2},"end":{"line":148,"column":3}},"48":{"start":{"line":147,"column":4},"end":{"line":147,"column":11}},"49":{"start":{"line":150,"column":2},"end":{"line":154,"column":4}},"50":{"start":{"line":155,"column":2},"end":{"line":155,"column":30}},"51":{"start":{"line":158,"column":2},"end":{"line":164,"column":3}},"52":{"start":{"line":159,"column":4},"end":{"line":163,"column":7}},"53":{"start":{"line":160,"column":6},"end":{"line":162,"column":7}},"54":{"start":{"line":161,"column":8},"end":{"line":161,"column":20}},"55":{"start":{"line":166,"column":2},"end":{"line":168,"column":3}},"56":{"start":{"line":167,"column":4},"end":{"line":167,"column":23}},"57":{"start":{"line":178,"column":0},"end":{"line":183,"column":2}},"58":{"start":{"line":179,"column":2},"end":{"line":182,"column":3}},"59":{"start":{"line":180,"column":4},"end":{"line":180,"column":30}},"60":{"start":{"line":181,"column":4},"end":{"line":181,"column":29}},"61":{"start":{"line":191,"column":0},"end":{"line":197,"column":2}},"62":{"start":{"line":192,"column":2},"end":{"line":192,"column":61}},"63":{"start":{"line":193,"column":2},"end":{"line":193,"column":28}},"64":{"start":{"line":194,"column":2},"end":{"line":196,"column":3}},"65":{"start":{"line":195,"column":4},"end":{"line":195,"column":50}},"66":{"start":{"line":210,"column":0},"end":{"line":243,"column":2}},"67":{"start":{"line":211,"column":2},"end":{"line":213,"column":3}},"68":{"start":{"line":212,"column":4},"end":{"line":212,"column":11}},"69":{"start":{"line":215,"column":2},"end":{"line":215,"column":20}},"70":{"start":{"line":216,"column":2},"end":{"line":216,"column":27}},"71":{"start":{"line":217,"column":2},"end":{"line":217,"column":12}},"72":{"start":{"line":218,"column":2},"end":{"line":242,"column":11}},"73":{"start":{"line":219,"column":4},"end":{"line":241,"column":18}},"74":{"start":{"line":220,"column":6},"end":{"line":222,"column":7}},"75":{"start":{"line":221,"column":8},"end":{"line":221,"column":15}},"76":{"start":{"line":224,"column":6},"end":{"line":240,"column":7}},"77":{"start":{"line":225,"column":8},"end":{"line":231,"column":9}},"78":{"start":{"line":227,"column":10},"end":{"line":227,"column":23}},"79":{"start":{"line":228,"column":10},"end":{"line":228,"column":25}},"80":{"start":{"line":230,"column":10},"end":{"line":230,"column":36}},"81":{"start":{"line":233,"column":8},"end":{"line":236,"column":9}},"82":{"start":{"line":234,"column":10},"end":{"line":234,"column":27}},"83":{"start":{"line":235,"column":10},"end":{"line":235,"column":25}},"84":{"start":{"line":237,"column":8},"end":{"line":239,"column":9}},"85":{"start":{"line":238,"column":10},"end":{"line":238,"column":33}},"86":{"start":{"line":254,"column":0},"end":{"line":264,"column":2}},"87":{"start":{"line":255,"column":2},"end":{"line":263,"column":3}},"88":{"start":{"line":256,"column":4},"end":{"line":260,"column":18}},"89":{"start":{"line":257,"column":6},"end":{"line":259,"column":7}},"90":{"start":{"line":258,"column":8},"end":{"line":258,"column":51}},"91":{"start":{"line":262,"column":4},"end":{"line":262,"column":57}},"92":{"start":{"line":275,"column":0},"end":{"line":311,"column":2}},"93":{"start":{"line":276,"column":2},"end":{"line":276,"column":38}},"94":{"start":{"line":277,"column":2},"end":{"line":277,"column":68}},"95":{"start":{"line":278,"column":2},"end":{"line":310,"column":16}},"96":{"start":{"line":279,"column":4},"end":{"line":309,"column":5}},"97":{"start":{"line":280,"column":6},"end":{"line":280,"column":32}},"98":{"start":{"line":281,"column":11},"end":{"line":309,"column":5}},"99":{"start":{"line":283,"column":6},"end":{"line":292,"column":7}},"100":{"start":{"line":284,"column":8},"end":{"line":284,"column":32}},"101":{"start":{"line":285,"column":8},"end":{"line":291,"column":9}},"102":{"start":{"line":290,"column":10},"end":{"line":290,"column":56}},"103":{"start":{"line":294,"column":6},"end":{"line":294,"column":49}},"104":{"start":{"line":295,"column":6},"end":{"line":308,"column":7}},"105":{"start":{"line":296,"column":8},"end":{"line":296,"column":34}},"106":{"start":{"line":297,"column":8},"end":{"line":297,"column":36}},"107":{"start":{"line":298,"column":8},"end":{"line":298,"column":37}},"108":{"start":{"line":299,"column":8},"end":{"line":301,"column":9}},"109":{"start":{"line":300,"column":10},"end":{"line":300,"column":53}},"110":{"start":{"line":302,"column":13},"end":{"line":308,"column":7}},"111":{"start":{"line":303,"column":8},"end":{"line":303,"column":57}},"112":{"start":{"line":305,"column":8},"end":{"line":307,"column":9}},"113":{"start":{"line":306,"column":10},"end":{"line":306,"column":56}},"114":{"start":{"line":320,"column":0},"end":{"line":334,"column":2}},"115":{"start":{"line":321,"column":2},"end":{"line":321,"column":30}},"116":{"start":{"line":322,"column":2},"end":{"line":322,"column":38}},"117":{"start":{"line":323,"column":2},"end":{"line":327,"column":3}},"118":{"start":{"line":326,"column":4},"end":{"line":326,"column":11}},"119":{"start":{"line":328,"column":2},"end":{"line":328,"column":39}},"120":{"start":{"line":329,"column":2},"end":{"line":333,"column":31}},"121":{"start":{"line":330,"column":4},"end":{"line":330,"column":34}},"122":{"start":{"line":331,"column":4},"end":{"line":331,"column":43}},"123":{"start":{"line":332,"column":4},"end":{"line":332,"column":54}},"124":{"start":{"line":347,"column":0},"end":{"line":361,"column":1}},"125":{"start":{"line":348,"column":2},"end":{"line":360,"column":7}},"126":{"start":{"line":350,"column":6},"end":{"line":350,"column":44}},"127":{"start":{"line":355,"column":6},"end":{"line":359,"column":7}},"128":{"start":{"line":356,"column":8},"end":{"line":356,"column":38}},"129":{"start":{"line":358,"column":8},"end":{"line":358,"column":22}},"130":{"start":{"line":372,"column":0},"end":{"line":376,"column":1}},"131":{"start":{"line":373,"column":2},"end":{"line":375,"column":4}},"132":{"start":{"line":374,"column":4},"end":{"line":374,"column":46}}},"branchMap":{"1":{"line":77,"type":"if","locations":[{"start":{"line":77,"column":2},"end":{"line":77,"column":2}},{"start":{"line":77,"column":2},"end":{"line":77,"column":2}}]},"2":{"line":86,"type":"if","locations":[{"start":{"line":86,"column":2},"end":{"line":86,"column":2}},{"start":{"line":86,"column":2},"end":{"line":86,"column":2}}]},"3":{"line":105,"type":"if","locations":[{"start":{"line":105,"column":2},"end":{"line":105,"column":2}},{"start":{"line":105,"column":2},"end":{"line":105,"column":2}}]},"4":{"line":119,"type":"if","locations":[{"start":{"line":119,"column":2},"end":{"line":119,"column":2}},{"start":{"line":119,"column":2},"end":{"line":119,"column":2}}]},"5":{"line":134,"type":"binary-expr","locations":[{"start":{"line":134,"column":9},"end":{"line":134,"column":36}},{"start":{"line":135,"column":4},"end":{"line":135,"column":26}},{"start":{"line":135,"column":30},"end":{"line":135,"column":77}}]},"6":{"line":146,"type":"if","locations":[{"start":{"line":146,"column":2},"end":{"line":146,"column":2}},{"start":{"line":146,"column":2},"end":{"line":146,"column":2}}]},"7":{"line":158,"type":"if","locations":[{"start":{"line":158,"column":2},"end":{"line":158,"column":2}},{"start":{"line":158,"column":2},"end":{"line":158,"column":2}}]},"8":{"line":160,"type":"if","locations":[{"start":{"line":160,"column":6},"end":{"line":160,"column":6}},{"start":{"line":160,"column":6},"end":{"line":160,"column":6}}]},"9":{"line":166,"type":"if","locations":[{"start":{"line":166,"column":2},"end":{"line":166,"column":2}},{"start":{"line":166,"column":2},"end":{"line":166,"column":2}}]},"10":{"line":179,"type":"if","locations":[{"start":{"line":179,"column":2},"end":{"line":179,"column":2}},{"start":{"line":179,"column":2},"end":{"line":179,"column":2}}]},"11":{"line":194,"type":"if","locations":[{"start":{"line":194,"column":2},"end":{"line":194,"column":2}},{"start":{"line":194,"column":2},"end":{"line":194,"column":2}}]},"12":{"line":211,"type":"if","locations":[{"start":{"line":211,"column":2},"end":{"line":211,"column":2}},{"start":{"line":211,"column":2},"end":{"line":211,"column":2}}]},"13":{"line":220,"type":"if","locations":[{"start":{"line":220,"column":6},"end":{"line":220,"column":6}},{"start":{"line":220,"column":6},"end":{"line":220,"column":6}}]},"14":{"line":224,"type":"if","locations":[{"start":{"line":224,"column":6},"end":{"line":224,"column":6}},{"start":{"line":224,"column":6},"end":{"line":224,"column":6}}]},"15":{"line":225,"type":"if","locations":[{"start":{"line":225,"column":8},"end":{"line":225,"column":8}},{"start":{"line":225,"column":8},"end":{"line":225,"column":8}}]},"16":{"line":225,"type":"binary-expr","locations":[{"start":{"line":225,"column":12},"end":{"line":225,"column":35}},{"start":{"line":226,"column":13},"end":{"line":226,"column":33}},{"start":{"line":226,"column":37},"end":{"line":226,"column":59}}]},"17":{"line":233,"type":"if","locations":[{"start":{"line":233,"column":8},"end":{"line":233,"column":8}},{"start":{"line":233,"column":8},"end":{"line":233,"column":8}}]},"18":{"line":237,"type":"if","locations":[{"start":{"line":237,"column":8},"end":{"line":237,"column":8}},{"start":{"line":237,"column":8},"end":{"line":237,"column":8}}]},"19":{"line":255,"type":"if","locations":[{"start":{"line":255,"column":2},"end":{"line":255,"column":2}},{"start":{"line":255,"column":2},"end":{"line":255,"column":2}}]},"20":{"line":257,"type":"if","locations":[{"start":{"line":257,"column":6},"end":{"line":257,"column":6}},{"start":{"line":257,"column":6},"end":{"line":257,"column":6}}]},"21":{"line":279,"type":"if","locations":[{"start":{"line":279,"column":4},"end":{"line":279,"column":4}},{"start":{"line":279,"column":4},"end":{"line":279,"column":4}}]},"22":{"line":279,"type":"binary-expr","locations":[{"start":{"line":279,"column":8},"end":{"line":279,"column":13}},{"start":{"line":279,"column":17},"end":{"line":279,"column":40}}]},"23":{"line":281,"type":"if","locations":[{"start":{"line":281,"column":11},"end":{"line":281,"column":11}},{"start":{"line":281,"column":11},"end":{"line":281,"column":11}}]},"24":{"line":281,"type":"binary-expr","locations":[{"start":{"line":281,"column":15},"end":{"line":281,"column":21}},{"start":{"line":281,"column":25},"end":{"line":281,"column":43}}]},"25":{"line":283,"type":"if","locations":[{"start":{"line":283,"column":6},"end":{"line":283,"column":6}},{"start":{"line":283,"column":6},"end":{"line":283,"column":6}}]},"26":{"line":285,"type":"if","locations":[{"start":{"line":285,"column":8},"end":{"line":285,"column":8}},{"start":{"line":285,"column":8},"end":{"line":285,"column":8}}]},"27":{"line":295,"type":"if","locations":[{"start":{"line":295,"column":6},"end":{"line":295,"column":6}},{"start":{"line":295,"column":6},"end":{"line":295,"column":6}}]},"28":{"line":295,"type":"binary-expr","locations":[{"start":{"line":295,"column":10},"end":{"line":295,"column":15}},{"start":{"line":295,"column":19},"end":{"line":295,"column":42}}]},"29":{"line":299,"type":"if","locations":[{"start":{"line":299,"column":8},"end":{"line":299,"column":8}},{"start":{"line":299,"column":8},"end":{"line":299,"column":8}}]},"30":{"line":302,"type":"if","locations":[{"start":{"line":302,"column":13},"end":{"line":302,"column":13}},{"start":{"line":302,"column":13},"end":{"line":302,"column":13}}]},"31":{"line":305,"type":"if","locations":[{"start":{"line":305,"column":8},"end":{"line":305,"column":8}},{"start":{"line":305,"column":8},"end":{"line":305,"column":8}}]},"32":{"line":323,"type":"if","locations":[{"start":{"line":323,"column":2},"end":{"line":323,"column":2}},{"start":{"line":323,"column":2},"end":{"line":323,"column":2}}]},"33":{"line":323,"type":"binary-expr","locations":[{"start":{"line":323,"column":6},"end":{"line":323,"column":27}},{"start":{"line":323,"column":31},"end":{"line":323,"column":56}}]},"34":{"line":355,"type":"if","locations":[{"start":{"line":355,"column":6},"end":{"line":355,"column":6}},{"start":{"line":355,"column":6},"end":{"line":355,"column":6}}]}},"code":["'use strict';","","var fs = require('fs');","var path = require('path');","var walker = require('walker');","var common = require('./common');","var platform = require('os').platform();","var EventEmitter = require('events').EventEmitter;","var anymatch = require('anymatch');","","/**"," * Constants"," */","","var DEFAULT_DELAY = common.DEFAULT_DELAY;","var CHANGE_EVENT = common.CHANGE_EVENT;","var DELETE_EVENT = common.DELETE_EVENT;","var ADD_EVENT = common.ADD_EVENT;","var ALL_EVENT = common.ALL_EVENT;","","/**"," * Export `NodeWatcher` class."," */","","module.exports = NodeWatcher;","","/**"," * Watches `dir`."," *"," * @class NodeWatcher"," * @param {String} dir"," * @param {Object} opts"," * @public"," */","","function NodeWatcher(dir, opts) {","  opts = common.assignOptions(this, opts);","","  this.watched = Object.create(null);","  this.changeTimers = Object.create(null);","  this.dirRegistery = Object.create(null);","  this.root = path.resolve(dir);","  this.watchdir = this.watchdir.bind(this);","  this.register = this.register.bind(this);","","  this.watchdir(this.root);","  recReaddir(","    this.root,","    this.watchdir,","    this.register,","    this.emit.bind(this, 'ready'),","    this.ignored","  );","}","","NodeWatcher.prototype.__proto__ = EventEmitter.prototype;","","/**"," * Register files that matches our globs to know what to type of event to"," * emit in the future."," *"," * Registery looks like the following:"," *"," *  dirRegister => Map {"," *    dirpath => Map {"," *       filename => true"," *    }"," *  }"," *"," * @param {string} filepath"," * @return {boolean} whether or not we have registered the file."," * @private"," */","","NodeWatcher.prototype.register = function(filepath) {","  var relativePath = path.relative(this.root, filepath);","  if (!common.isFileIncluded(","    this.globs,","    this.dot,","    this.doIgnore,","    relativePath)) {","    return false;","  }","","  var dir = path.dirname(filepath);","  if (!this.dirRegistery[dir]) {","    this.dirRegistery[dir] = Object.create(null);","  }","","  var filename = path.basename(filepath);","  this.dirRegistery[dir][filename] = true;","","  return true;","};","","/**"," * Removes a file from the registery."," *"," * @param {string} filepath"," * @private"," */","","NodeWatcher.prototype.unregister = function(filepath) {","  var dir = path.dirname(filepath);","  if (this.dirRegistery[dir]) {","    var filename = path.basename(filepath);","    delete this.dirRegistery[dir][filename];","  }","};","","/**"," * Removes a dir from the registery."," *"," * @param {string} dirpath"," * @private"," */","","NodeWatcher.prototype.unregisterDir = function(dirpath) {","  if (this.dirRegistery[dirpath]) {","    delete this.dirRegistery[dirpath];","  }","};","","/**"," * Checks if a file or directory exists in the registery."," *"," * @param {string} fullpath"," * @return {boolean}"," * @private"," */","","NodeWatcher.prototype.registered = function(fullpath) {","  var dir = path.dirname(fullpath);","  return this.dirRegistery[fullpath] ||","    this.dirRegistery[dir] && this.dirRegistery[dir][path.basename(fullpath)];","};","","/**"," * Watch a directory."," *"," * @param {string} dir"," * @private"," */","","NodeWatcher.prototype.watchdir = function(dir) {","  if (this.watched[dir]) {","    return;","  }","","  var watcher = fs.watch(","    dir,","    { persistent: true },","    this.normalizeChange.bind(this, dir)","  );","  this.watched[dir] = watcher;","","  // Workaround Windows node issue #4337.","  if (platform === 'win32') {","    watcher.on('error', function(error) {","      if (error.code !== 'EPERM') {","        throw error;","      }","    });","  }","","  if (this.root !== dir) {","    this.register(dir);","  }","};","","/**"," * Stop watching a directory."," *"," * @param {string} dir"," * @private"," */","","NodeWatcher.prototype.stopWatching = function(dir) {","  if (this.watched[dir]) {","    this.watched[dir].close();","    delete this.watched[dir];","  }","};","","/**"," * End watching."," *"," * @public"," */","","NodeWatcher.prototype.close = function(callback) {","  Object.keys(this.watched).forEach(this.stopWatching, this);","  this.removeAllListeners();","  if (typeof callback === 'function') {","    setImmediate(callback.bind(null, null, true));","  }","};","","/**"," * On some platforms, as pointed out on the fs docs (most likely just win32)"," * the file argument might be missing from the fs event. Try to detect what"," * change by detecting if something was deleted or the most recent file change."," *"," * @param {string} dir"," * @param {string} event"," * @param {string} file"," * @public"," */","","NodeWatcher.prototype.detectChangedFile = function(dir, event, callback) {","  if (!this.dirRegistery[dir]) {","    return;","  }","","  var found = false;","  var closest = {mtime: 0};","  var c = 0;","  Object.keys(this.dirRegistery[dir]).forEach(function(file, i, arr) {","    fs.lstat(path.join(dir, file), function(error, stat) {","      if (found) {","        return;","      }","","      if (error) {","        if (error.code === 'ENOENT' ||","            (platform === 'win32' && error.code === 'EPERM')) {","          found = true;","          callback(file);","        } else {","          this.emit('error', error);","        }","      } else {","        if (stat.mtime > closest.mtime) {","          stat.file = file;","          closest = stat;","        }","        if (arr.length === ++c) {","          callback(closest.file);","        }","      }","    }.bind(this));","  }, this);","};","","/**"," * Normalize fs events and pass it on to be processed."," *"," * @param {string} dir"," * @param {string} event"," * @param {string} file"," * @public"," */","","NodeWatcher.prototype.normalizeChange = function(dir, event, file) {","  if (!file) {","    this.detectChangedFile(dir, event, function(actualFile) {","      if (actualFile) {","        this.processChange(dir, event, actualFile);","      }","    }.bind(this));","  } else {","    this.processChange(dir, event, path.normalize(file));","  }","};","","/**"," * Process changes."," *"," * @param {string} dir"," * @param {string} event"," * @param {string} file"," * @public"," */","","NodeWatcher.prototype.processChange = function(dir, event, file) {","  var fullPath = path.join(dir, file);","  var relativePath = path.join(path.relative(this.root, dir), file);","  fs.lstat(fullPath, function(error, stat) {","    if (error && error.code !== 'ENOENT') {","      this.emit('error', error);","    } else if (!error && stat.isDirectory()) {","      // win32 emits usless change events on dirs.","      if (event !== 'change') {","        this.watchdir(fullPath);","        if (common.isFileIncluded(","          this.globs,","          this.dot,","          this.doIgnore,","          relativePath)) {","          this.emitEvent(ADD_EVENT, relativePath, stat);","        }","      }","    } else {","      var registered = this.registered(fullPath);","      if (error && error.code === 'ENOENT') {","        this.unregister(fullPath);","        this.stopWatching(fullPath);","        this.unregisterDir(fullPath);","        if (registered) {","          this.emitEvent(DELETE_EVENT, relativePath);","        }","      } else if (registered) {","        this.emitEvent(CHANGE_EVENT, relativePath, stat);","      } else {","        if (this.register(fullPath)) {","          this.emitEvent(ADD_EVENT, relativePath, stat);","        }","      }","    }","  }.bind(this));","};","","/**"," * Triggers a 'change' event after debounding it to take care of duplicate"," * events on os x."," *"," * @private"," */","","NodeWatcher.prototype.emitEvent = function(type, file, stat) {","  var key = type + '-' + file;","  var addKey = ADD_EVENT + '-' + file;","  if (type === CHANGE_EVENT && this.changeTimers[addKey]) {","    // Ignore the change event that is immediately fired after an add event.","    // (This happens on Linux).","    return;","  }","  clearTimeout(this.changeTimers[key]);","  this.changeTimers[key] = setTimeout(function() {","    delete this.changeTimers[key];","    this.emit(type, file, this.root, stat);","    this.emit(ALL_EVENT, type, file, this.root, stat);","  }.bind(this), DEFAULT_DELAY);","};","","/**"," * Tra
[...]
n":2},"end":{"line":267,"column":56}},"101":{"start":{"line":277,"column":0},"end":{"line":281,"column":2}},"102":{"start":{"line":278,"column":2},"end":{"line":278,"column":35}},"103":{"start":{"line":279,"column":2},"end":{"line":279,"column":20}},"104":{"start":{"line":280,"column":2},"end":{"line":280,"column":35}},"105":{"start":{"line":291,"column":0},"end":{"line":298,"column":1}},"106":{"start":{"line":292,"column":2},"end":{"line":297,"column":3}},"107":{"start":{"line":293,"column":4},"end":{"line":293,"column":30}},"108":{"start":{"line":294,"column":4},"end":{"line":294,"column":16}},"109":{"start":{"line":296,"column":4},"end":{"line":296,"column":17}},"110":{"start":{"line":307,"column":0},"end":{"line":317,"column":1}},"111":{"start":{"line":308,"column":2},"end":{"line":316,"column":3}},"112":{"start":{"line":309,"column":4},"end":{"line":311,"column":5}},"113":{"start":{"line":310,"column":6},"end":{"line":310,"column":18}},"114":{"start":{"line":312,"column":4},"end":{"line":312,"column":31}},"115":{"start":{"line":313,"column":4},"end":{"line":313,"column":16}},"116":{"start":{"line":315,"column":4},"end":{"line":315,"column":17}}},"branchMap":{"1":{"line":52,"type":"if","locations":[{"start":{"line":52,"column":2},"end":{"line":52,"column":2}},{"start":{"line":52,"column":2},"end":{"line":52,"column":2}}]},"2":{"line":70,"type":"cond-expr","locations":[{"start":{"line":70,"column":35},"end":{"line":70,"column":61}},{"start":{"line":70,"column":64},"end":{"line":70,"column":73}}]},"3":{"line":74,"type":"if","locations":[{"start":{"line":74,"column":4},"end":{"line":74,"column":4}},{"start":{"line":74,"column":4},"end":{"line":74,"column":4}}]},"4":{"line":83,"type":"if","locations":[{"start":{"line":83,"column":4},"end":{"line":83,"column":4}},{"start":{"line":83,"column":4},"end":{"line":83,"column":4}}]},"5":{"line":93,"type":"if","locations":[{"start":{"line":93,"column":4},"end":{"line":93,"column":4}},{"start":{"line":93,"column":4},"end":{"line":93,"column":4}}]},"6":{"line":101,"type":"cond-expr","locations":[{"start":{"line":101,"column":41},"end":{"line":101,"column":59}},{"start":{"line":101,"column":62},"end":{"line":101,"column":64}}]},"7":{"line":109,"type":"if","locations":[{"start":{"line":109,"column":4},"end":{"line":109,"column":4}},{"start":{"line":109,"column":4},"end":{"line":109,"column":4}}]},"8":{"line":119,"type":"if","locations":[{"start":{"line":119,"column":4},"end":{"line":119,"column":4}},{"start":{"line":119,"column":4},"end":{"line":119,"column":4}}]},"9":{"line":135,"type":"if","locations":[{"start":{"line":135,"column":4},"end":{"line":135,"column":4}},{"start":{"line":135,"column":4},"end":{"line":135,"column":4}}]},"10":{"line":136,"type":"if","locations":[{"start":{"line":136,"column":6},"end":{"line":136,"column":6}},{"start":{"line":136,"column":6},"end":{"line":136,"column":6}}]},"11":{"line":137,"type":"if","locations":[{"start":{"line":137,"column":8},"end":{"line":137,"column":8}},{"start":{"line":137,"column":8},"end":{"line":137,"column":8}}]},"12":{"line":153,"type":"if","locations":[{"start":{"line":153,"column":4},"end":{"line":153,"column":4}},{"start":{"line":153,"column":4},"end":{"line":153,"column":4}}]},"13":{"line":164,"type":"if","locations":[{"start":{"line":164,"column":4},"end":{"line":164,"column":4}},{"start":{"line":164,"column":4},"end":{"line":164,"column":4}}]},"14":{"line":188,"type":"if","locations":[{"start":{"line":188,"column":2},"end":{"line":188,"column":2}},{"start":{"line":188,"column":2},"end":{"line":188,"column":2}}]},"15":{"line":205,"type":"if","locations":[{"start":{"line":205,"column":2},"end":{"line":205,"column":2}},{"start":{"line":205,"column":2},"end":{"line":205,"column":2}}]},"16":{"line":217,"type":"if","locations":[{"start":{"line":217,"column":2},"end":{"line":217,"column":2}},{"start":{"line":217,"column":2},"end":{"line":217,"column":2}}]},"17":{"line":217,"type":"binary-expr","locations":[{"start":{"line":217,"column":6},"end":{"line":217,"column":55}},{"start":{"line":218,"column":6},"end":{"line":222,"column":21}}]},"18":{"line":217,"type":"binary-expr","locations":[{"start":{"line":217,"column":8},"end":{"line":217,"column":35}},{"start":{"line":217,"column":39},"end":{"line":217,"column":54}}]},"19":{"line":226,"type":"if","locations":[{"start":{"line":226,"column":2},"end":{"line":226,"column":2}},{"start":{"line":226,"column":2},"end":{"line":226,"column":2}}]},"20":{"line":232,"type":"if","locations":[{"start":{"line":232,"column":6},"end":{"line":232,"column":6}},{"start":{"line":232,"column":6},"end":{"line":232,"column":6}}]},"21":{"line":232,"type":"binary-expr","locations":[{"start":{"line":232,"column":10},"end":{"line":232,"column":15}},{"start":{"line":232,"column":19},"end":{"line":232,"column":42}}]},"22":{"line":236,"type":"if","locations":[{"start":{"line":236,"column":6},"end":{"line":236,"column":6}},{"start":{"line":236,"column":6},"end":{"line":236,"column":6}}]},"23":{"line":240,"type":"cond-expr","locations":[{"start":{"line":240,"column":45},"end":{"line":240,"column":54}},{"start":{"line":240,"column":57},"end":{"line":240,"column":69}}]},"24":{"line":243,"type":"if","locations":[{"start":{"line":243,"column":6},"end":{"line":243,"column":6}},{"start":{"line":243,"column":6},"end":{"line":243,"column":6}}]},"25":{"line":243,"type":"binary-expr","locations":[{"start":{"line":243,"column":12},"end":{"line":243,"column":38}},{"start":{"line":243,"column":42},"end":{"line":243,"column":60}}]},"26":{"line":280,"type":"binary-expr","locations":[{"start":{"line":280,"column":2},"end":{"line":280,"column":10}},{"start":{"line":280,"column":14},"end":{"line":280,"column":34}}]},"27":{"line":292,"type":"if","locations":[{"start":{"line":292,"column":2},"end":{"line":292,"column":2}},{"start":{"line":292,"column":2},"end":{"line":292,"column":2}}]},"28":{"line":308,"type":"if","locations":[{"start":{"line":308,"column":2},"end":{"line":308,"column":2}},{"start":{"line":308,"column":2},"end":{"line":308,"column":2}}]},"29":{"line":309,"type":"if","locations":[{"start":{"line":309,"column":4},"end":{"line":309,"column":4}},{"start":{"line":309,"column":4},"end":{"line":309,"column":4}}]}},"code":["'use strict';","","var fs = require('fs');","var path = require('path');","var assert = require('assert');","var common = require('./common');","var watchman = require('fb-watchman');","var EventEmitter = require('events').EventEmitter;","var RecrawlWarning = require('./utils/recrawl-warning-dedupe');","","/**"," * Constants"," */","","var CHANGE_EVENT = common.CHANGE_EVENT;","var DELETE_EVENT = common.DELETE_EVENT;","var ADD_EVENT = common.ADD_EVENT;","var ALL_EVENT = common.ALL_EVENT;","var SUB_NAME = 'sane-sub';","","/**"," * Export `WatchmanWatcher` class."," */","","module.exports = WatchmanWatcher;","","","/**"," * Watches `dir`."," *"," * @class PollWatcher"," * @param String dir"," * @param {Object} opts"," * @public"," */","","function WatchmanWatcher(dir, opts) {","  opts = common.assignOptions(this, opts);","  this.root = path.resolve(dir);","  this.init();","}","","WatchmanWatcher.prototype.__proto__ = EventEmitter.prototype;","","/**"," * Run the watchman `watch` command on the root and subscribe to changes."," *"," * @private"," */","","WatchmanWatcher.prototype.init = function() {","  if (this.client) {","    this.client.removeAllListeners();","  }","","  var self = this;","  this.client = new watchman.Client();","  this.client.on('error', function(error) {","    self.emit('error', error);","  });","  this.client.on('subscription', this.handleChangeEvent.bind(this));","  this.client.on('end', function() {","    console.warn('[sane] Warning: Lost connection to watchman, reconnecting..');","    self.init();","  });","","  this.watchProjectInfo = null;","","  function getWatchRoot() {","    return self.watchProjectInfo ? self.watchProjectInfo.root : self.root;","  }","","  function onCapability(error, resp) {","    if (handleError(self, error)) {","      // The Watchman watcher is unusable on this system, we cannot continue","      return;","    }","","    handleWarning(resp);","","    self.capabilities = resp.capabilities;","","    if (self.capabilities.relative_root) {","      self.client.command(","        ['watch-project', getWatchRoot()], onWatchProject","      );","    } else {","      self.client.command(['watch', getWatchRoot()], onWatch);","    }","  }","","  function onWatchProject(error, resp) {","    if (handleError(self, error)) {","      return;","    }","","    handleWarning(resp);","","    self.watchProjectInfo = {","      root: resp.watch,","      relativePath: resp.relative_path ? resp.relative_path : ''","    };","","    self.client.command(['clock', getWatchRoot()], onClock);","  }","","","  function onWatch(error, resp) {","    if (handleError(self, error)) {","      return;","    }","","    handleWarning(resp);","","    self.client.command(['clock', getWatchRoot()], onClock);","  }","","  function onClock(error, resp) {","    if (handleError(self, error)) {","      return;","    }","","    handleWarning(resp);","","    var options = {","      fields: ['name', 'exists', 'new'],","      since: resp.clock","    };","","    // If the server has the wildmatch capability available it supports","    // the recursive **/*.foo style match and we can offload our globs","    // to the watchman server.  This saves both on data size to be","    // communicated back to us and compute for evaluating the globs","    // in our node process.","    if (self.capabilities.wildmatch) {","      if (self.globs.length === 0) {","        if (!self.dot) {","          // Make sure we honor the dot option if even we're not using globs.","          options.expression = ['match', '**', 'wholename', {","            includedotfiles: false","          }];","        }","      } else {","        options.expression = ['anyof'];","        for (var i in self.globs) {","          options.expression.push(['match', self.globs[i], 'wholename', {","            includedotfiles: self.dot","          }]);","        }","      }","    }","","    if (self.capabilities.relative_root) {","      options.relative_root = self.watchProjectInfo.relativePath;","    }","","    self.client.command(","      ['subscribe', getWatchRoot(), SUB_NAME, options],","      onSubscribe","    );","  }","","  function onSubscribe(error, resp) {","    if (handleError(self, error)) {","      return;","    }","","    handleWarning(resp);","","    self.emit('ready');","  }","","  self.client.capabilityCheck({","      optional:['wildmatch', 'relative_root']","    },","    onCapability);","};","","/**"," * Handles a change event coming from the subscription."," *"," * @param {Object} resp"," * @private"," */","","WatchmanWatcher.prototype.handleChangeEvent = function(resp) {","  assert.equal(resp.subscription, SUB_NAME, 'Invalid subscription event.');","  if (Array.isArray(resp.files)) {","    resp.files.forEach(this.handleFileChange, this);","  }","};","","/**"," * Handles a single change event record."," *"," * @param {Object} changeDescriptor"," * @private"," */","","WatchmanWatcher.prototype.handleFileChange = function(changeDescriptor) {","  var self = this;","  var absPath;","  var relativePath;","","  if (this.capabilities.relative_root) {","    relativePath = changeDescriptor.name;","    absPath = path.join(","      this.watchProjectInfo.root,","      this.watchProjectInfo.relativePath,","      relativePath","    );","  } else {","    absPath = path.join(this.root, changeDescriptor.name);","    relativePath = changeDescriptor.name;","  }","","  if (!(self.capabilities.wildmatch && !this.hasIgnore) &&","      !common.isFileIncluded(","        this.globs,","        this.dot,","        this.doIgnore,","        relativePath)) {","    return;","  }","","  if (!changeDescriptor.exists) {","    self.emitEvent(DELETE_EVENT, relativePath, self.root);","  } else {","    fs.lstat(absPath, function(error, stat) {","      // Files can be deleted between the event and the lstat call","      // the most reliable thing to do here is to ignore the event.","      if (error && error.code === 'ENOENT') {","        return;","      }","","      if (handleError(self, error)) {","        return;","      }","","      var eventType = changeDescriptor.new ? ADD_EVENT : CHANGE_EVENT;","","      // Change event on dirs are mostly useless.","      if (!(eventType === CHANGE_EVENT && stat.isDirectory())) {","        self.emitEvent(eventType, relativePath, self.root, stat);","      }","    });","  }","};","","/**"," * Dispatches the event."," *"," * @param {string} eventType"," * @param {string} filepath"," * @param {string} root"," * @param {fs.Stat} stat"," * @private"," */","","WatchmanWatcher.prototype.emitEvent = function(","  eventType,","  filepath,","  root,","  stat",") {","  this.emit(eventType, filepath, root, stat);","  this.emit(ALL_EVENT, eventType, filepath, root, stat);","};","","/**"," * Closes the watcher."," *"," * @param {function} callback"," * @private"," */","","WatchmanWatcher.prototype.close = function(callback) {","  this.client.removeAllListeners();","  this.client.end();","  callback && callback(null, true);","};","","/**"," * Handles an error and returns true if exists."," *"," * @param {WatchmanWatcher} self"," * @param {Error} error"," * @private"," */","","function handleError(self, error) {","  if (error != null) {","    self.emit('error', error);","    return true;","  } else {","    return false;","  }","}","","/**"," * Handles a warning in the watchman resp object."," *"," * @param {object} resp"," * @private"," */","","function handleWarning(resp) {","  if ('warning' in resp) {","    if (RecrawlWarning.isRecrawlWarningDupe(resp.warning)) {","      return true;","    }","    console.warn(resp.warning);","    return true;","  } else {","    return false;","  }","}",""],"l":{"3":1,"4":1,"5":1,"6":1,"7":1,"8":1,"9":1,"15":1,"16":1,"17":1,"18":1,"19":1,"25":1,"37":1,"38":0,"39":0,"40":0,"43":1,"51":1,"52":0,"53":0,"56":0,"57":0,"58":0,"59":0,"61":0,"62":0,"63":0,"64":0,"67":0,"69":1,"70":0,"73":1,"74":0,"76":0,"79":0,"81":0,"83":0,"84":0,"88":0,"92":1,"93":0,"94":0,"97":0,"99":0,"104":0,"108":1,"109":0,"110":0,"113":0,"115":0,"118":1,"119":0,"120":0,"123":0,"125":0,"135":0,"136":0,"137":0,"139":0,"144":0,"145":0,"146":0,"153":0,"154":0,"157":0,"163":1,"164":0,"165":0,"168":0,"170":0,"173":0,"186":1,"187":0,"188":0,"189":0,"200":1,"201":0,"202":0,"203":0,"205":0,"206":0,"207":0,"213":0,"214":0,"217":0,"223":0,"226":0,"227":0,"229":0,"232":0,"233":0,"236":0,"237":0,"240":0,"243":0,"244":0,"260":1,"266":0,"267":0,"277":1,"278":0,"279":0,"280":0,"291":1,"292":0,"293":0,"294":0,"296":0,"307":1,"308":0,"309":0,"310":0,"312":0,"313":0,"315":0}},"/home/travis/build/npmtest/node-npmtest-sane/node_modules/sane/src/utils/recrawl-warning-dedupe.js":{"path":"/home/travis/build/npmtest/node-npmtest-sane/node_modules/sane/src/utils/recrawl-warning-dedupe.js","s":{"1":1,"2":1,"3":1,"4":1,"5":0,"6":0,"7":1,"8":1,"9":1,"10":0,"11":0,"12":0,"13":0,"14":1,"15":0,"16":0,"17":0,"18":0,"19":0,"20":0,"21":0,"22":0,"23":0,"24":0,"25":0,"26":0,"27":0,"28":0,"29":0},"b":{"1":[0,0],"2":[0,0],"3":[0,0],"4":[0,0],"5":[0,0]},"f":{"1":0,"2":0,"3":0},"fnMap":{"1":{"name":"RecrawlWarning","line":7,"loc":{"start":{"line":7,"column":0},"end":{"line":7,"column":37}}},"2":{"name":"(anonymous_2)","line":15,"loc":{"start":{"line":15,"column":28},"end":{"line":15,"column":43}}},"3":{"name":"(anonymous_3)","line":24,"loc":{"start":{"line":24,"column":38},"end":{"line":24,"column":63}}}},"statementMap":{"1":{"start":{"line":3,"column":0},"end":{"line":3,"column":26}},"2":{"start":{"line":4,"column":0},"end":{"line":4,"column":78}},"3":{"start":{"line":6,"column":0},"end":{"line":6,"column":32}},"4":{"start":{"line":7,"column":0},"end":{"line":10,"column":1}},"5":{"start":{"line":8,"column":2},"end":{"line":8,"column":19}},"6":{"start":{"line":9,"column":2},"end":{"line":9,"column":21}},"7":{"start":{"line":12,"column":0},"end":{"line":12,"column":51}},"8":{"start":{"line":13,"column":0},"end":{"line":13,"column":28}},"9":{"start":{"line":15,"column":0},"end":{"line":22,"column":2}},"10":{"start":{"line":16,"column":2},"end":{"line":21,"column":3}},"11":{"start":{"line":17,"column":4},"end":{"line":17,"column":38}},"12":{"start":{"line":18,"column":4},"end":{"line":20,"column":5}},"13":{"start":{"line":19,"column":6},"end":{"line":19,"column":21}},"14":{"start":{"line":24,"column":0},"end":{"line":47,"column":2}},"15":{"start":{"line":25,"column":2},"end":{"line":25,"column":59}},"16":{"start":{"line":25,"column":44},"end":{"line":25,"column":57}},"17":{"start":{"line":26,"column":2},"end":{"line":26,"column":40}},"18":{"start":{"line":27,"column":2},"end":{"line":27,"column":31}},"19":{"start":{"line":27,"column":16},"end":{"line":27,"column":29}},"20":{"start":{"line":28,"column":2},"end":{"line":28,"column":31}},"21":{"start":{"line":29,"column":2},"end":{"line":29,"column":22}},"22":{"start":{"line":31,"column":2},"end":{"line":31,"column":48}},"23":{"start":{"line":33,"column":2},"end":{"line":46,"column":3}},"24":{"start":{"line":36,"column":4},"end":{"line":42,"column":5}},"25":{"start":{"line":37,"column":6},"end":{"line":37,"column":18}},"26":{"start":{"line":40,"column":6},"end":{"line":40,"column":28}},"27":{"start":{"line":41,"column":6},"end":{"line":41,"column":19}},"28":{"start":{"line":44,"column":4},"end":{"line":44,"column":59}},"29":{"start":{"line":45,"column":4},"end":{"line":45,"column":17}}},"branchMap":{"1":{"line":18,"type":"if","locations":[{"start":{"line":18,"column":4},"end":{"line":18,"column":4}},{"start":{"line":18,"column":4},"end":{"line":18,"column":4}}]},"2":{"line":25,"type":"if","locations":[{"start":{"line":25,"column":2},"end":{"line":25,"column":2}},{"start":{"line":25,"column":2},"end":{"line":25,"column":2}}]},"3":{"line":27,"type":"if","locations":[{"start":{"line":27,"column":2},"end":{"line":27,"column":2}},{"start":{"line":27,"column":2},"end":{"line":27,"column":2}}]},"4":{"line":33,"type":"if","locations":[{"start":{"line":33,"column":2},"end":{"line":33,"column":2}},{"start":{"line":33,"column":2},"end":{"line":33,"column":2}}]},"5":{"line":36,"type":"if","locations":[{"start":{"line":36,"column":4},"end":{"line":36,"column":4}},{"start":{"line":36,"column":4},"end":{"line":36,"column":4}}]}},"code":["'use strict';","","var RECRAWL_WARNINGS = []; // shared structure, one per process.","var REG = /Recrawled this watch (\\d+) times, most recently because:\\n([^:]+)/;","","module.exports = RecrawlWarning;","function RecrawlWarning(root, count) {","  this.root = root;","  this.count = count;","}","","RecrawlWarning.RECRAWL_WARNINGS = RECRAWL_WARNINGS;","RecrawlWarning.REGEXP = REG;","","RecrawlWarning.findByRoot = function(root) {","  for (var i = 0; i < RECRAWL_WARNINGS.length; i++) {","    var warning = RECRAWL_WARNINGS[i];","    if (warning.root === root) {","      return warning;","    }","  }","};","","RecrawlWarning.isRecrawlWarningDupe = function(warningMessage) {","  if (typeof warningMessage !== 'string') { return false; }","  var match = warningMessage.match(REG);","  if (!match) { return false; }","  var count = Number(match[1]);","  var root = match[2];","","  var warning = RecrawlWarning.findByRoot(root);","","  if (warning) {","    // only keep the highest count, assume count to either stay the same or","    // increase.","    if (warning.count >= count ) {","      return true;","    } else {","      // update the existing warning to the latest (highest) count","      warning.count = count;","      return false;","    }","  } else {","    RECRAWL_WARNINGS.push(new RecrawlWarning(root, count));","    return false;","  }","};",""],"l":{"3":1,"4":1,"6":1,"7":1,"8":0,"9":0,"12":1,"13":1,"15":1,"16":0,"17":0,"18":0,"19":0,"24":1,"25":0,"26":0,"27":0,"28":0,"29":0,"31":0,"33":0,"36":0,"37":0,"40":0,"41":0,"44":0,"45":0}}}